\BOOKMARK [0][-]{chapter.1}{\376\377\0001\000\040\000B\000u\000g\000\040\000L\000i\000s\000t}{}% 1
\BOOKMARK [0][-]{chapter.2}{\376\377\0002\000\040\000F\000i\000l\000e\000\040\000I\000n\000d\000e\000x}{}% 2
\BOOKMARK [1][-]{section.2.1}{\376\377\0002\000.\0001\000\040\000F\000i\000l\000e\000\040\000L\000i\000s\000t}{chapter.2}% 3
\BOOKMARK [0][-]{chapter.3}{\376\377\0003\000\040\000F\000i\000l\000e\000\040\000D\000o\000c\000u\000m\000e\000n\000t\000a\000t\000i\000o\000n}{}% 4
\BOOKMARK [1][-]{section.3.1}{\376\377\0003\000.\0001\000\040\000A\000D\000C\000.\000c\000\040\000F\000i\000l\000e\000\040\000R\000e\000f\000e\000r\000e\000n\000c\000e}{chapter.3}% 5
\BOOKMARK [2][-]{subsection.3.1.1}{\376\377\0003\000.\0001\000.\0001\000\040\000F\000u\000n\000c\000t\000i\000o\000n\000\040\000D\000o\000c\000u\000m\000e\000n\000t\000a\000t\000i\000o\000n}{section.3.1}% 6
\BOOKMARK [3][-]{subsubsection.3.1.1.1}{\376\377\0003\000.\0001\000.\0001\000.\0001\000\040\000c\000o\000n\000v\000e\000r\000t\000W\000i\000F\000I\000R\000E\000a\000d\000c\000\050\000\051}{subsection.3.1.1}% 7
\BOOKMARK [3][-]{subsubsection.3.1.1.2}{\376\377\0003\000.\0001\000.\0001\000.\0002\000\040\000i\000n\000i\000t\000W\000i\000F\000I\000R\000E\000a\000d\000c\000\050\000\051}{subsection.3.1.1}% 8
\BOOKMARK [3][-]{subsubsection.3.1.1.3}{\376\377\0003\000.\0001\000.\0001\000.\0003\000\040\000R\000e\000a\000d\000P\000o\000t\000e\000n\000t\000i\000o\000m\000e\000t\000e\000r\000W\000i\000t\000h\000A\000D\000C\000\050\000\051}{subsection.3.1.1}% 9
\BOOKMARK [1][-]{section.3.2}{\376\377\0003\000.\0002\000\040\000A\000D\000C\000.\000h\000\040\000F\000i\000l\000e\000\040\000R\000e\000f\000e\000r\000e\000n\000c\000e}{chapter.3}% 10
\BOOKMARK [2][-]{subsection.3.2.1}{\376\377\0003\000.\0002\000.\0001\000\040\000F\000u\000n\000c\000t\000i\000o\000n\000\040\000D\000o\000c\000u\000m\000e\000n\000t\000a\000t\000i\000o\000n}{section.3.2}% 11
\BOOKMARK [3][-]{subsubsection.3.2.1.1}{\376\377\0003\000.\0002\000.\0001\000.\0001\000\040\000c\000o\000n\000v\000e\000r\000t\000W\000i\000F\000I\000R\000E\000a\000d\000c\000\050\000\051}{subsection.3.2.1}% 12
\BOOKMARK [3][-]{subsubsection.3.2.1.2}{\376\377\0003\000.\0002\000.\0001\000.\0002\000\040\000i\000n\000i\000t\000W\000i\000F\000I\000R\000E\000a\000d\000c\000\050\000\051}{subsection.3.2.1}% 13
\BOOKMARK [1][-]{section.3.3}{\376\377\0003\000.\0003\000\040\000c\000o\000n\000f\000i\000g\000u\000r\000a\000t\000i\000o\000n\000\137\000b\000i\000t\000s\000.\000c\000\040\000F\000i\000l\000e\000\040\000R\000e\000f\000e\000r\000e\000n\000c\000e}{chapter.3}% 14
\BOOKMARK [1][-]{section.3.4}{\376\377\0003\000.\0004\000\040\000m\000a\000i\000n\000.\000c\000\040\000F\000i\000l\000e\000\040\000R\000e\000f\000e\000r\000e\000n\000c\000e}{chapter.3}% 15
\BOOKMARK [2][-]{subsection.3.4.1}{\376\377\0003\000.\0004\000.\0001\000\040\000F\000u\000n\000c\000t\000i\000o\000n\000\040\000D\000o\000c\000u\000m\000e\000n\000t\000a\000t\000i\000o\000n}{section.3.4}% 16
\BOOKMARK [3][-]{subsubsection.3.4.1.1}{\376\377\0003\000.\0004\000.\0001\000.\0001\000\040\000m\000a\000i\000n\000\050\000\051}{subsection.3.4.1}% 17
\BOOKMARK [1][-]{section.3.5}{\376\377\0003\000.\0005\000\040\000u\000s\000e\000r\000.\000c\000\040\000F\000i\000l\000e\000\040\000R\000e\000f\000e\000r\000e\000n\000c\000e}{chapter.3}% 18
\BOOKMARK [2][-]{subsection.3.5.1}{\376\377\0003\000.\0005\000.\0001\000\040\000F\000u\000n\000c\000t\000i\000o\000n\000\040\000D\000o\000c\000u\000m\000e\000n\000t\000a\000t\000i\000o\000n}{section.3.5}% 19
\BOOKMARK [3][-]{subsubsection.3.5.1.1}{\376\377\0003\000.\0005\000.\0001\000.\0001\000\040\000\137\000\137\000I\000S\000R\000\050\000\051}{subsection.3.5.1}% 20
\BOOKMARK [3][-]{subsubsection.3.5.1.2}{\376\377\0003\000.\0005\000.\0001\000.\0002\000\040\000D\000e\000l\000a\000y\000\050\000\051}{subsection.3.5.1}% 21
\BOOKMARK [3][-]{subsubsection.3.5.1.3}{\376\377\0003\000.\0005\000.\0001\000.\0003\000\040\000F\000l\000a\000s\000h\000L\000E\000D\000\050\000\051}{subsection.3.5.1}% 22
\BOOKMARK [3][-]{subsubsection.3.5.1.4}{\376\377\0003\000.\0005\000.\0001\000.\0004\000\040\000I\000n\000i\000t\000A\000p\000p\000\050\000\051}{subsection.3.5.1}% 23
\BOOKMARK [3][-]{subsubsection.3.5.1.5}{\376\377\0003\000.\0005\000.\0001\000.\0005\000\040\000I\000n\000i\000t\000G\000P\000I\000O\000\050\000\051}{subsection.3.5.1}% 24
\BOOKMARK [3][-]{subsubsection.3.5.1.6}{\376\377\0003\000.\0005\000.\0001\000.\0006\000\040\000I\000n\000i\000t\000T\000i\000m\000e\000r\0002\000\050\000\051}{subsection.3.5.1}% 25
\BOOKMARK [3][-]{subsubsection.3.5.1.7}{\376\377\0003\000.\0005\000.\0001\000.\0007\000\040\000S\000c\000a\000n\000L\000E\000D\000s\000\050\000\051}{subsection.3.5.1}% 26
\BOOKMARK [3][-]{subsubsection.3.5.1.8}{\376\377\0003\000.\0005\000.\0001\000.\0008\000\040\000S\000e\000t\000D\000e\000l\000a\000y\000T\000i\000m\000e\000\050\000\051}{subsection.3.5.1}% 27
\BOOKMARK [2][-]{subsection.3.5.2}{\376\377\0003\000.\0005\000.\0002\000\040\000V\000a\000r\000i\000a\000b\000l\000e\000\040\000D\000o\000c\000u\000m\000e\000n\000t\000a\000t\000i\000o\000n}{section.3.5}% 28
\BOOKMARK [3][-]{subsubsection.3.5.2.1}{\376\377\0003\000.\0005\000.\0002\000.\0001\000\040\000G\000l\000d\000\137\000c\000o\000u\000n\000t\000e\000r}{subsection.3.5.2}% 29
\BOOKMARK [3][-]{subsubsection.3.5.2.2}{\376\377\0003\000.\0005\000.\0002\000.\0002\000\040\000G\000t\000e\000m\000p\000\137\000b\000u\000f\000f}{subsection.3.5.2}% 30
\BOOKMARK [1][-]{section.3.6}{\376\377\0003\000.\0006\000\040\000u\000s\000e\000r\000.\000h\000\040\000F\000i\000l\000e\000\040\000R\000e\000f\000e\000r\000e\000n\000c\000e}{chapter.3}% 31
\BOOKMARK [2][-]{subsection.3.6.1}{\376\377\0003\000.\0006\000.\0001\000\040\000M\000a\000c\000r\000o\000\040\000D\000e\000f\000i\000n\000i\000t\000i\000o\000n\000\040\000D\000o\000c\000u\000m\000e\000n\000t\000a\000t\000i\000o\000n}{section.3.6}% 32
\BOOKMARK [3][-]{subsubsection.3.6.1.1}{\376\377\0003\000.\0006\000.\0001\000.\0001\000\040\000B\000T\000N\0001\000\137\000P\000O\000R\000T\000\137\000B\000I\000T}{subsection.3.6.1}% 33
\BOOKMARK [3][-]{subsubsection.3.6.1.2}{\376\377\0003\000.\0006\000.\0001\000.\0002\000\040\000B\000T\000N\0002\000\137\000P\000O\000R\000T\000\137\000B\000I\000T}{subsection.3.6.1}% 34
\BOOKMARK [3][-]{subsubsection.3.6.1.3}{\376\377\0003\000.\0006\000.\0001\000.\0003\000\040\000F\000A\000S\000T\000\137\000P\000E\000R\000I\000O\000D}{subsection.3.6.1}% 35
\BOOKMARK [3][-]{subsubsection.3.6.1.4}{\376\377\0003\000.\0006\000.\0001\000.\0004\000\040\000L\000D\0001\000\137\000P\000O\000R\000T\000\137\000B\000I\000T}{subsection.3.6.1}% 36
\BOOKMARK [3][-]{subsubsection.3.6.1.5}{\376\377\0003\000.\0006\000.\0001\000.\0005\000\040\000L\000D\0002\000\137\000P\000O\000R\000T\000\137\000B\000I\000T}{subsection.3.6.1}% 37
\BOOKMARK [3][-]{subsubsection.3.6.1.6}{\376\377\0003\000.\0006\000.\0001\000.\0006\000\040\000L\000D\0003\000\137\000P\000O\000R\000T\000\137\000B\000I\000T}{subsection.3.6.1}% 38
\BOOKMARK [3][-]{subsubsection.3.6.1.7}{\376\377\0003\000.\0006\000.\0001\000.\0007\000\040\000L\000D\0004\000\137\000P\000O\000R\000T\000\137\000B\000I\000T}{subsection.3.6.1}% 39
\BOOKMARK [3][-]{subsubsection.3.6.1.8}{\376\377\0003\000.\0006\000.\0001\000.\0008\000\040\000S\000L\000O\000W\000\137\000P\000E\000R\000I\000O\000D}{subsection.3.6.1}% 40
\BOOKMARK [3][-]{subsubsection.3.6.1.9}{\376\377\0003\000.\0006\000.\0001\000.\0009\000\040\000T\000I\000M\000E\000R\000\137\000C\000L\000O\000C\000K\000\137\000F\000R\000E\000Q}{subsection.3.6.1}% 41
\BOOKMARK [3][-]{subsubsection.3.6.1.10}{\376\377\0003\000.\0006\000.\0001\000.\0001\0000\000\040\000V\000R\0001\000\137\000A\000N\000\137\000C\000H\000A\000N\000\137\000N\000U\000M}{subsection.3.6.1}% 42
\BOOKMARK [2][-]{subsection.3.6.2}{\376\377\0003\000.\0006\000.\0002\000\040\000F\000u\000n\000c\000t\000i\000o\000n\000\040\000D\000o\000c\000u\000m\000e\000n\000t\000a\000t\000i\000o\000n}{section.3.6}% 43
\BOOKMARK [3][-]{subsubsection.3.6.2.1}{\376\377\0003\000.\0006\000.\0002\000.\0001\000\040\000F\000l\000a\000s\000h\000L\000E\000D\000\050\000\051}{subsection.3.6.2}% 44
\BOOKMARK [3][-]{subsubsection.3.6.2.2}{\376\377\0003\000.\0006\000.\0002\000.\0002\000\040\000I\000n\000i\000t\000A\000p\000p\000\050\000\051}{subsection.3.6.2}% 45
\BOOKMARK [3][-]{subsubsection.3.6.2.3}{\376\377\0003\000.\0006\000.\0002\000.\0003\000\040\000S\000c\000a\000n\000L\000E\000D\000s\000\050\000\051}{subsection.3.6.2}% 46
\BOOKMARK [0][-]{section*.9}{\376\377\000I\000n\000d\000e\000x}{}% 47
