\BOOKMARK [0][-]{chapter.1}{\376\377\0001\000\040\000R\000E\000A\000D\000M\000E}{}% 1
\BOOKMARK [0][-]{chapter.2}{\376\377\0002\000\040\000F\000i\000l\000e\000\040\000I\000n\000d\000e\000x}{}% 2
\BOOKMARK [1][-]{section.2.1}{\376\377\0002\000.\0001\000\040\000F\000i\000l\000e\000\040\000L\000i\000s\000t}{chapter.2}% 3
\BOOKMARK [0][-]{chapter.3}{\376\377\0003\000\040\000F\000i\000l\000e\000\040\000D\000o\000c\000u\000m\000e\000n\000t\000a\000t\000i\000o\000n}{}% 4
\BOOKMARK [1][-]{section.3.1}{\376\377\0003\000.\0001\000\040\000D\000:\000/\000G\000I\000T\000/\000T\000h\000e\000C\000o\000n\000n\000e\000c\000t\000e\000d\000M\000C\000U\000\137\000L\000a\000b\000s\000/\000b\000k\000a\000r\000a\000c\000h\000o\000k\000/\000l\000a\000b\0005\000\137\000S\000P\000I\000\137\000O\000L\000E\000D\000/\000C\000h\000r\000F\000o\000n\000t\0000\000.\000c\000\040\000F\000i\000l\000e\000\040\000R\000e\000f\000e\000r\000e\000n\000c\000e}{chapter.3}% 5
\BOOKMARK [2][-]{subsection.3.1.1}{\376\377\0003\000.\0001\000.\0001\000\040\000V\000a\000r\000i\000a\000b\000l\000e\000\040\000D\000o\000c\000u\000m\000e\000n\000t\000a\000t\000i\000o\000n}{section.3.1}% 6
\BOOKMARK [3][-]{subsubsection.3.1.1.1}{\376\377\0003\000.\0001\000.\0001\000.\0001\000\040\000r\000g\000b\000O\000l\000e\000d\000F\000o\000n\000t\0000}{subsection.3.1.1}% 7
\BOOKMARK [1][-]{section.3.2}{\376\377\0003\000.\0002\000\040\000D\000:\000/\000G\000I\000T\000/\000T\000h\000e\000C\000o\000n\000n\000e\000c\000t\000e\000d\000M\000C\000U\000\137\000L\000a\000b\000s\000/\000b\000k\000a\000r\000a\000c\000h\000o\000k\000/\000l\000a\000b\0005\000\137\000S\000P\000I\000\137\000O\000L\000E\000D\000/\000c\000o\000n\000f\000i\000g\000u\000r\000a\000t\000i\000o\000n\000\137\000b\000i\000t\000s\000.\000c\000\040\000F\000i\000l\000e\000\040\000R\000e\000f\000e\000r\000e\000n\000c\000e}{chapter.3}% 8
\BOOKMARK [1][-]{section.3.3}{\376\377\0003\000.\0003\000\040\000D\000:\000/\000G\000I\000T\000/\000T\000h\000e\000C\000o\000n\000n\000e\000c\000t\000e\000d\000M\000C\000U\000\137\000L\000a\000b\000s\000/\000b\000k\000a\000r\000a\000c\000h\000o\000k\000/\000l\000a\000b\0005\000\137\000S\000P\000I\000\137\000O\000L\000E\000D\000/\000F\000i\000l\000l\000P\000a\000t\000.\000c\000\040\000F\000i\000l\000e\000\040\000R\000e\000f\000e\000r\000e\000n\000c\000e}{chapter.3}% 9
\BOOKMARK [2][-]{subsection.3.3.1}{\376\377\0003\000.\0003\000.\0001\000\040\000V\000a\000r\000i\000a\000b\000l\000e\000\040\000D\000o\000c\000u\000m\000e\000n\000t\000a\000t\000i\000o\000n}{section.3.3}% 10
\BOOKMARK [3][-]{subsubsection.3.3.1.1}{\376\377\0003\000.\0003\000.\0001\000.\0001\000\040\000r\000g\000b\000F\000i\000l\000l\000P\000a\000t}{subsection.3.3.1}% 11
\BOOKMARK [1][-]{section.3.4}{\376\377\0003\000.\0004\000\040\000D\000:\000/\000G\000I\000T\000/\000T\000h\000e\000C\000o\000n\000n\000e\000c\000t\000e\000d\000M\000C\000U\000\137\000L\000a\000b\000s\000/\000b\000k\000a\000r\000a\000c\000h\000o\000k\000/\000l\000a\000b\0005\000\137\000S\000P\000I\000\137\000O\000L\000E\000D\000/\000m\000a\000i\000n\000.\000c\000\040\000F\000i\000l\000e\000\040\000R\000e\000f\000e\000r\000e\000n\000c\000e}{chapter.3}% 12
\BOOKMARK [2][-]{subsection.3.4.1}{\376\377\0003\000.\0004\000.\0001\000\040\000F\000u\000n\000c\000t\000i\000o\000n\000\040\000D\000o\000c\000u\000m\000e\000n\000t\000a\000t\000i\000o\000n}{section.3.4}% 13
\BOOKMARK [3][-]{subsubsection.3.4.1.1}{\376\377\0003\000.\0004\000.\0001\000.\0001\000\040\000m\000a\000i\000n\000\050\000\051}{subsection.3.4.1}% 14
\BOOKMARK [1][-]{section.3.5}{\376\377\0003\000.\0005\000\040\000D\000:\000/\000G\000I\000T\000/\000T\000h\000e\000C\000o\000n\000n\000e\000c\000t\000e\000d\000M\000C\000U\000\137\000L\000a\000b\000s\000/\000b\000k\000a\000r\000a\000c\000h\000o\000k\000/\000l\000a\000b\0005\000\137\000S\000P\000I\000\137\000O\000L\000E\000D\000/\000O\000L\000E\000D\000.\000c\000\040\000F\000i\000l\000e\000\040\000R\000e\000f\000e\000r\000e\000n\000c\000e}{chapter.3}% 15
\BOOKMARK [2][-]{subsection.3.5.1}{\376\377\0003\000.\0005\000.\0001\000\040\000M\000a\000c\000r\000o\000\040\000D\000e\000f\000i\000n\000i\000t\000i\000o\000n\000\040\000D\000o\000c\000u\000m\000e\000n\000t\000a\000t\000i\000o\000n}{section.3.5}% 16
\BOOKMARK [3][-]{subsubsection.3.5.1.1}{\376\377\0003\000.\0005\000.\0001\000.\0001\000\040\000c\000m\000d\000O\000l\000e\000d\000C\000o\000m\000C\000o\000n\000f\000i\000g}{subsection.3.5.1}% 17
\BOOKMARK [3][-]{subsubsection.3.5.1.2}{\376\377\0003\000.\0005\000.\0001\000.\0002\000\040\000c\000m\000d\000O\000l\000e\000d\000C\000o\000m\000D\000i\000r}{subsection.3.5.1}% 18
\BOOKMARK [3][-]{subsubsection.3.5.1.3}{\376\377\0003\000.\0005\000.\0001\000.\0003\000\040\000c\000m\000d\000O\000l\000e\000d\000D\000i\000s\000p\000l\000a\000y\000O\000f\000f}{subsection.3.5.1}% 19
\BOOKMARK [3][-]{subsubsection.3.5.1.4}{\376\377\0003\000.\0005\000.\0001\000.\0004\000\040\000c\000m\000d\000O\000l\000e\000d\000D\000i\000s\000p\000l\000a\000y\000O\000n}{subsection.3.5.1}% 20
\BOOKMARK [3][-]{subsubsection.3.5.1.5}{\376\377\0003\000.\0005\000.\0001\000.\0005\000\040\000c\000m\000d\000O\000l\000e\000d\000S\000e\000g\000R\000e\000m\000a\000p}{subsection.3.5.1}% 21
\BOOKMARK [2][-]{subsection.3.5.2}{\376\377\0003\000.\0005\000.\0002\000\040\000F\000u\000n\000c\000t\000i\000o\000n\000\040\000D\000o\000c\000u\000m\000e\000n\000t\000a\000t\000i\000o\000n}{section.3.5}% 22
\BOOKMARK [3][-]{subsubsection.3.5.2.1}{\376\377\0003\000.\0005\000.\0002\000.\0001\000\040\000O\000l\000e\000d\000D\000e\000v\000T\000e\000r\000m\000\050\000\051}{subsection.3.5.2}% 23
\BOOKMARK [3][-]{subsubsection.3.5.2.2}{\376\377\0003\000.\0005\000.\0002\000.\0002\000\040\000O\000l\000e\000d\000D\000s\000p\000I\000n\000i\000t\000\050\000\051}{subsection.3.5.2}% 24
\BOOKMARK [3][-]{subsubsection.3.5.2.3}{\376\377\0003\000.\0005\000.\0002\000.\0003\000\040\000O\000l\000e\000d\000D\000v\000r\000I\000n\000i\000t\000\050\000\051}{subsection.3.5.2}% 25
\BOOKMARK [3][-]{subsubsection.3.5.2.4}{\376\377\0003\000.\0005\000.\0002\000.\0004\000\040\000O\000l\000e\000d\000H\000o\000s\000t\000I\000n\000i\000t\000\050\000\051}{subsection.3.5.2}% 26
\BOOKMARK [3][-]{subsubsection.3.5.2.5}{\376\377\0003\000.\0005\000.\0002\000.\0005\000\040\000O\000l\000e\000d\000H\000o\000s\000t\000T\000e\000r\000m\000\050\000\051}{subsection.3.5.2}% 27
\BOOKMARK [3][-]{subsubsection.3.5.2.6}{\376\377\0003\000.\0005\000.\0002\000.\0006\000\040\000O\000l\000e\000d\000U\000p\000d\000a\000t\000e\000\050\000\051}{subsection.3.5.2}% 28
\BOOKMARK [2][-]{subsection.3.5.3}{\376\377\0003\000.\0005\000.\0003\000\040\000V\000a\000r\000i\000a\000b\000l\000e\000\040\000D\000o\000c\000u\000m\000e\000n\000t\000a\000t\000i\000o\000n}{section.3.5}% 29
\BOOKMARK [3][-]{subsubsection.3.5.3.1}{\376\377\0003\000.\0005\000.\0003\000.\0001\000\040\000b\000n\000O\000l\000e\000d\000C\000u\000r}{subsection.3.5.3}% 30
\BOOKMARK [3][-]{subsubsection.3.5.3.2}{\376\377\0003\000.\0005\000.\0003\000.\0002\000\040\000c\000l\000r\000O\000l\000e\000d\000C\000u\000r}{subsection.3.5.3}% 31
\BOOKMARK [3][-]{subsubsection.3.5.3.3}{\376\377\0003\000.\0005\000.\0003\000.\0003\000\040\000d\000x\000c\000o\000O\000l\000e\000d\000F\000o\000n\000t\000C\000u\000r}{subsection.3.5.3}% 32
\BOOKMARK [3][-]{subsubsection.3.5.3.4}{\376\377\0003\000.\0005\000.\0003\000.\0004\000\040\000d\000y\000c\000o\000O\000l\000e\000d\000F\000o\000n\000t\000C\000u\000r}{subsection.3.5.3}% 33
\BOOKMARK [3][-]{subsubsection.3.5.3.5}{\376\377\0003\000.\0005\000.\0003\000.\0005\000\040\000f\000O\000l\000e\000d\000C\000h\000a\000r\000U\000p\000d\000a\000t\000e}{subsection.3.5.3}% 34
\BOOKMARK [3][-]{subsubsection.3.5.3.6}{\376\377\0003\000.\0005\000.\0003\000.\0006\000\040\000p\000b\000O\000l\000e\000d\000C\000u\000r}{subsection.3.5.3}% 35
\BOOKMARK [3][-]{subsubsection.3.5.3.7}{\376\377\0003\000.\0005\000.\0003\000.\0007\000\040\000p\000b\000O\000l\000e\000d\000F\000o\000n\000t\000C\000u\000r}{subsection.3.5.3}% 36
\BOOKMARK [3][-]{subsubsection.3.5.3.8}{\376\377\0003\000.\0005\000.\0003\000.\0008\000\040\000p\000b\000O\000l\000e\000d\000F\000o\000n\000t\000U\000s\000e\000r}{subsection.3.5.3}% 37
\BOOKMARK [3][-]{subsubsection.3.5.3.9}{\376\377\0003\000.\0005\000.\0003\000.\0009\000\040\000p\000b\000O\000l\000e\000d\000P\000a\000t\000C\000u\000r}{subsection.3.5.3}% 38
\BOOKMARK [3][-]{subsubsection.3.5.3.10}{\376\377\0003\000.\0005\000.\0003\000.\0001\0000\000\040\000r\000g\000b\000F\000i\000l\000l\000P\000a\000t}{subsection.3.5.3}% 39
\BOOKMARK [3][-]{subsubsection.3.5.3.11}{\376\377\0003\000.\0005\000.\0003\000.\0001\0001\000\040\000r\000g\000b\000O\000l\000e\000d\000F\000o\000n\000t\0000}{subsection.3.5.3}% 40
\BOOKMARK [3][-]{subsubsection.3.5.3.12}{\376\377\0003\000.\0005\000.\0003\000.\0001\0002\000\040\000r\000g\000b\000O\000l\000e\000d\000F\000o\000n\000t\000U\000s\000e\000r}{subsection.3.5.3}% 41
\BOOKMARK [3][-]{subsubsection.3.5.3.13}{\376\377\0003\000.\0005\000.\0003\000.\0001\0003\000\040\000x\000c\000h\000O\000l\000e\000d\000M\000a\000x}{subsection.3.5.3}% 42
\BOOKMARK [3][-]{subsubsection.3.5.3.14}{\376\377\0003\000.\0005\000.\0003\000.\0001\0004\000\040\000x\000c\000o\000O\000l\000e\000d\000C\000u\000r}{subsection.3.5.3}% 43
\BOOKMARK [3][-]{subsubsection.3.5.3.15}{\376\377\0003\000.\0005\000.\0003\000.\0001\0005\000\040\000y\000c\000h\000O\000l\000e\000d\000M\000a\000x}{subsection.3.5.3}% 44
\BOOKMARK [3][-]{subsubsection.3.5.3.16}{\376\377\0003\000.\0005\000.\0003\000.\0001\0006\000\040\000y\000c\000o\000O\000l\000e\000d\000C\000u\000r}{subsection.3.5.3}% 45
\BOOKMARK [1][-]{section.3.6}{\376\377\0003\000.\0006\000\040\000D\000:\000/\000G\000I\000T\000/\000T\000h\000e\000C\000o\000n\000n\000e\000c\000t\000e\000d\000M\000C\000U\000\137\000L\000a\000b\000s\000/\000b\000k\000a\000r\000a\000c\000h\000o\000k\000/\000l\000a\000b\0005\000\137\000S\000P\000I\000\137\000O\000L\000E\000D\000/\000O\000L\000E\000D\000.\000h\000\040\000F\000i\000l\000e\000\040\000R\000e\000f\000e\000r\000e\000n\000c\000e}{chapter.3}% 46
\BOOKMARK [2][-]{subsection.3.6.1}{\376\377\0003\000.\0006\000.\0001\000\040\000M\000a\000c\000r\000o\000\040\000D\000e\000f\000i\000n\000i\000t\000i\000o\000n\000\040\000D\000o\000c\000u\000m\000e\000n\000t\000a\000t\000i\000o\000n}{section.3.6}% 47
\BOOKMARK [3][-]{subsubsection.3.6.1.1}{\376\377\0003\000.\0006\000.\0001\000.\0001\000\040\000b\000i\000t\000D\000a\000t\000a\000C\000m\000d}{subsection.3.6.1}% 48
\BOOKMARK [3][-]{subsubsection.3.6.1.2}{\376\377\0003\000.\0006\000.\0001\000.\0002\000\040\000b\000i\000t\000R\000e\000s\000e\000t}{subsection.3.6.1}% 49
\BOOKMARK [3][-]{subsubsection.3.6.1.3}{\376\377\0003\000.\0006\000.\0001\000.\0003\000\040\000b\000i\000t\000V\000b\000a\000t\000C\000t\000r\000l}{subsection.3.6.1}% 50
\BOOKMARK [3][-]{subsubsection.3.6.1.4}{\376\377\0003\000.\0006\000.\0001\000.\0004\000\040\000b\000i\000t\000V\000d\000d\000C\000t\000r\000l}{subsection.3.6.1}% 51
\BOOKMARK [3][-]{subsubsection.3.6.1.5}{\376\377\0003\000.\0006\000.\0001\000.\0005\000\040\000c\000b\000O\000l\000e\000d\000C\000h\000a\000r}{subsection.3.6.1}% 52
\BOOKMARK [3][-]{subsubsection.3.6.1.6}{\376\377\0003\000.\0006\000.\0001\000.\0006\000\040\000c\000b\000O\000l\000e\000d\000D\000i\000s\000p\000M\000a\000x}{subsection.3.6.1}% 53
\BOOKMARK [3][-]{subsubsection.3.6.1.7}{\376\377\0003\000.\0006\000.\0001\000.\0007\000\040\000c\000b\000O\000l\000e\000d\000F\000o\000n\000t\000U\000s\000e\000r}{subsection.3.6.1}% 54
\BOOKMARK [3][-]{subsubsection.3.6.1.8}{\376\377\0003\000.\0006\000.\0001\000.\0008\000\040\000c\000c\000o\000l\000O\000l\000e\000d\000M\000a\000x}{subsection.3.6.1}% 55
\BOOKMARK [3][-]{subsubsection.3.6.1.9}{\376\377\0003\000.\0006\000.\0001\000.\0009\000\040\000c\000h\000O\000l\000e\000d\000U\000s\000e\000r\000M\000a\000x}{subsection.3.6.1}% 56
\BOOKMARK [3][-]{subsubsection.3.6.1.10}{\376\377\0003\000.\0006\000.\0001\000.\0001\0000\000\040\000c\000p\000a\000g\000O\000l\000e\000d\000M\000a\000x}{subsection.3.6.1}% 57
\BOOKMARK [3][-]{subsubsection.3.6.1.11}{\376\377\0003\000.\0006\000.\0001\000.\0001\0001\000\040\000c\000r\000o\000w\000O\000l\000e\000d\000M\000a\000x}{subsection.3.6.1}% 58
\BOOKMARK [3][-]{subsubsection.3.6.1.12}{\376\377\0003\000.\0006\000.\0001\000.\0001\0002\000\040\000M\000A\000S\000K}{subsection.3.6.1}% 59
\BOOKMARK [3][-]{subsubsection.3.6.1.13}{\376\377\0003\000.\0006\000.\0001\000.\0001\0003\000\040\000m\000o\000d\000O\000l\000e\000d\000A\000n\000d}{subsection.3.6.1}% 60
\BOOKMARK [3][-]{subsubsection.3.6.1.14}{\376\377\0003\000.\0006\000.\0001\000.\0001\0004\000\040\000m\000o\000d\000O\000l\000e\000d\000O\000r}{subsection.3.6.1}% 61
\BOOKMARK [3][-]{subsubsection.3.6.1.15}{\376\377\0003\000.\0006\000.\0001\000.\0001\0005\000\040\000m\000o\000d\000O\000l\000e\000d\000S\000e\000t}{subsection.3.6.1}% 62
\BOOKMARK [3][-]{subsubsection.3.6.1.16}{\376\377\0003\000.\0006\000.\0001\000.\0001\0006\000\040\000m\000o\000d\000O\000l\000e\000d\000X\000o\000r}{subsection.3.6.1}% 63
\BOOKMARK [3][-]{subsubsection.3.6.1.17}{\376\377\0003\000.\0006\000.\0001\000.\0001\0007\000\040\000p\000r\000t\000D\000a\000t\000a\000C\000m\000d}{subsection.3.6.1}% 64
\BOOKMARK [3][-]{subsubsection.3.6.1.18}{\376\377\0003\000.\0006\000.\0001\000.\0001\0008\000\040\000p\000r\000t\000R\000e\000s\000e\000t}{subsection.3.6.1}% 65
\BOOKMARK [3][-]{subsubsection.3.6.1.19}{\376\377\0003\000.\0006\000.\0001\000.\0001\0009\000\040\000p\000r\000t\000V\000b\000a\000t\000C\000t\000r\000l}{subsection.3.6.1}% 66
\BOOKMARK [3][-]{subsubsection.3.6.1.20}{\376\377\0003\000.\0006\000.\0001\000.\0002\0000\000\040\000p\000r\000t\000V\000d\000d\000C\000t\000r\000l}{subsection.3.6.1}% 67
\BOOKMARK [2][-]{subsection.3.6.2}{\376\377\0003\000.\0006\000.\0002\000\040\000T\000y\000p\000e\000d\000e\000f\000\040\000D\000o\000c\000u\000m\000e\000n\000t\000a\000t\000i\000o\000n}{section.3.6}% 68
\BOOKMARK [3][-]{subsubsection.3.6.2.1}{\376\377\0003\000.\0006\000.\0002\000.\0001\000\040\000B\000Y\000T\000E}{subsection.3.6.2}% 69
\BOOKMARK [2][-]{subsection.3.6.3}{\376\377\0003\000.\0006\000.\0003\000\040\000F\000u\000n\000c\000t\000i\000o\000n\000\040\000D\000o\000c\000u\000m\000e\000n\000t\000a\000t\000i\000o\000n}{section.3.6}% 70
\BOOKMARK [3][-]{subsubsection.3.6.3.1}{\376\377\0003\000.\0006\000.\0003\000.\0001\000\040\000O\000l\000e\000d\000C\000l\000e\000a\000r\000\050\000\051}{subsection.3.6.3}% 71
\BOOKMARK [3][-]{subsubsection.3.6.3.2}{\376\377\0003\000.\0006\000.\0003\000.\0002\000\040\000O\000l\000e\000d\000C\000l\000e\000a\000r\000B\000u\000f\000f\000e\000r\000\050\000\051}{subsection.3.6.3}% 72
\BOOKMARK [3][-]{subsubsection.3.6.3.3}{\376\377\0003\000.\0006\000.\0003\000.\0003\000\040\000O\000l\000e\000d\000D\000i\000s\000p\000l\000a\000y\000O\000f\000f\000\050\000\051}{subsection.3.6.3}% 73
\BOOKMARK [3][-]{subsubsection.3.6.3.4}{\376\377\0003\000.\0006\000.\0003\000.\0004\000\040\000O\000l\000e\000d\000D\000i\000s\000p\000l\000a\000y\000O\000n\000\050\000\051}{subsection.3.6.3}% 74
\BOOKMARK [3][-]{subsubsection.3.6.3.5}{\376\377\0003\000.\0006\000.\0003\000.\0005\000\040\000O\000l\000e\000d\000D\000v\000r\000I\000n\000i\000t\000\050\000\051}{subsection.3.6.3}% 75
\BOOKMARK [3][-]{subsubsection.3.6.3.6}{\376\377\0003\000.\0006\000.\0003\000.\0006\000\040\000O\000l\000e\000d\000I\000n\000i\000t\000\050\000\051}{subsection.3.6.3}% 76
\BOOKMARK [3][-]{subsubsection.3.6.3.7}{\376\377\0003\000.\0006\000.\0003\000.\0007\000\040\000O\000l\000e\000d\000T\000e\000r\000m\000\050\000\051}{subsection.3.6.3}% 77
\BOOKMARK [3][-]{subsubsection.3.6.3.8}{\376\377\0003\000.\0006\000.\0003\000.\0008\000\040\000O\000l\000e\000d\000U\000p\000d\000a\000t\000e\000\050\000\051}{subsection.3.6.3}% 78
\BOOKMARK [2][-]{subsection.3.6.4}{\376\377\0003\000.\0006\000.\0004\000\040\000V\000a\000r\000i\000a\000b\000l\000e\000\040\000D\000o\000c\000u\000m\000e\000n\000t\000a\000t\000i\000o\000n}{section.3.6}% 79
\BOOKMARK [3][-]{subsubsection.3.6.4.1}{\376\377\0003\000.\0006\000.\0004\000.\0001\000\040\000r\000g\000b\000O\000l\000e\000d\000B\000m\000p}{subsection.3.6.4}% 80
\BOOKMARK [1][-]{section.3.7}{\376\377\0003\000.\0007\000\040\000D\000:\000/\000G\000I\000T\000/\000T\000h\000e\000C\000o\000n\000n\000e\000c\000t\000e\000d\000M\000C\000U\000\137\000L\000a\000b\000s\000/\000b\000k\000a\000r\000a\000c\000h\000o\000k\000/\000l\000a\000b\0005\000\137\000S\000P\000I\000\137\000O\000L\000E\000D\000/\000O\000l\000e\000d\000C\000h\000a\000r\000.\000c\000\040\000F\000i\000l\000e\000\040\000R\000e\000f\000e\000r\000e\000n\000c\000e}{chapter.3}% 81
\BOOKMARK [2][-]{subsection.3.7.1}{\376\377\0003\000.\0007\000.\0001\000\040\000F\000u\000n\000c\000t\000i\000o\000n\000\040\000D\000o\000c\000u\000m\000e\000n\000t\000a\000t\000i\000o\000n}{section.3.7}% 82
\BOOKMARK [3][-]{subsubsection.3.7.1.1}{\376\377\0003\000.\0007\000.\0001\000.\0001\000\040\000O\000l\000e\000d\000A\000d\000v\000a\000n\000c\000e\000C\000u\000r\000s\000o\000r\000\050\000\051}{subsection.3.7.1}% 83
\BOOKMARK [3][-]{subsubsection.3.7.1.2}{\376\377\0003\000.\0007\000.\0001\000.\0002\000\040\000O\000l\000e\000d\000D\000e\000f\000U\000s\000e\000r\000C\000h\000a\000r\000\050\000\051}{subsection.3.7.1}% 84
\BOOKMARK [3][-]{subsubsection.3.7.1.3}{\376\377\0003\000.\0007\000.\0001\000.\0003\000\040\000O\000l\000e\000d\000D\000r\000a\000w\000G\000l\000y\000p\000h\000\050\000\051}{subsection.3.7.1}% 85
\BOOKMARK [3][-]{subsubsection.3.7.1.4}{\376\377\0003\000.\0007\000.\0001\000.\0004\000\040\000O\000l\000e\000d\000G\000e\000t\000C\000h\000a\000r\000U\000p\000d\000a\000t\000e\000\050\000\051}{subsection.3.7.1}% 86
\BOOKMARK [3][-]{subsubsection.3.7.1.5}{\376\377\0003\000.\0007\000.\0001\000.\0005\000\040\000O\000l\000e\000d\000G\000e\000t\000C\000u\000r\000s\000o\000r\000\050\000\051}{subsection.3.7.1}% 87
\BOOKMARK [3][-]{subsubsection.3.7.1.6}{\376\377\0003\000.\0007\000.\0001\000.\0006\000\040\000O\000l\000e\000d\000P\000u\000t\000C\000h\000a\000r\000\050\000\051}{subsection.3.7.1}% 88
\BOOKMARK [3][-]{subsubsection.3.7.1.7}{\376\377\0003\000.\0007\000.\0001\000.\0007\000\040\000O\000l\000e\000d\000P\000u\000t\000S\000t\000r\000i\000n\000g\000\050\000\051}{subsection.3.7.1}% 89
\BOOKMARK [3][-]{subsubsection.3.7.1.8}{\376\377\0003\000.\0007\000.\0001\000.\0008\000\040\000O\000l\000e\000d\000S\000e\000t\000C\000h\000a\000r\000U\000p\000d\000a\000t\000e\000\050\000\051}{subsection.3.7.1}% 90
\BOOKMARK [3][-]{subsubsection.3.7.1.9}{\376\377\0003\000.\0007\000.\0001\000.\0009\000\040\000O\000l\000e\000d\000S\000e\000t\000C\000u\000r\000s\000o\000r\000\050\000\051}{subsection.3.7.1}% 91
\BOOKMARK [2][-]{subsection.3.7.2}{\376\377\0003\000.\0007\000.\0002\000\040\000V\000a\000r\000i\000a\000b\000l\000e\000\040\000D\000o\000c\000u\000m\000e\000n\000t\000a\000t\000i\000o\000n}{section.3.7}% 92
\BOOKMARK [3][-]{subsubsection.3.7.2.1}{\376\377\0003\000.\0007\000.\0002\000.\0001\000\040\000b\000n\000O\000l\000e\000d\000C\000u\000r}{subsection.3.7.2}% 93
\BOOKMARK [3][-]{subsubsection.3.7.2.2}{\376\377\0003\000.\0007\000.\0002\000.\0002\000\040\000d\000x\000c\000o\000O\000l\000e\000d\000F\000o\000n\000t\000C\000u\000r}{subsection.3.7.2}% 94
\BOOKMARK [3][-]{subsubsection.3.7.2.3}{\376\377\0003\000.\0007\000.\0002\000.\0003\000\040\000d\000y\000c\000o\000O\000l\000e\000d\000F\000o\000n\000t\000C\000u\000r}{subsection.3.7.2}% 95
\BOOKMARK [3][-]{subsubsection.3.7.2.4}{\376\377\0003\000.\0007\000.\0002\000.\0004\000\040\000f\000O\000l\000e\000d\000C\000h\000a\000r\000U\000p\000d\000a\000t\000e}{subsection.3.7.2}% 96
\BOOKMARK [3][-]{subsubsection.3.7.2.5}{\376\377\0003\000.\0007\000.\0002\000.\0005\000\040\000m\000s\000k\000O\000l\000e\000d\000C\000u\000r}{subsection.3.7.2}% 97
\BOOKMARK [3][-]{subsubsection.3.7.2.6}{\376\377\0003\000.\0007\000.\0002\000.\0006\000\040\000p\000b\000O\000l\000e\000d\000C\000u\000r}{subsection.3.7.2}% 98
\BOOKMARK [3][-]{subsubsection.3.7.2.7}{\376\377\0003\000.\0007\000.\0002\000.\0007\000\040\000p\000b\000O\000l\000e\000d\000F\000o\000n\000t\000C\000u\000r}{subsection.3.7.2}% 99
\BOOKMARK [3][-]{subsubsection.3.7.2.8}{\376\377\0003\000.\0007\000.\0002\000.\0008\000\040\000p\000b\000O\000l\000e\000d\000F\000o\000n\000t\000E\000x\000t}{subsection.3.7.2}% 100
\BOOKMARK [3][-]{subsubsection.3.7.2.9}{\376\377\0003\000.\0007\000.\0002\000.\0009\000\040\000p\000b\000O\000l\000e\000d\000F\000o\000n\000t\000U\000s\000e\000r}{subsection.3.7.2}% 101
\BOOKMARK [3][-]{subsubsection.3.7.2.10}{\376\377\0003\000.\0007\000.\0002\000.\0001\0000\000\040\000r\000g\000b\000O\000l\000e\000d\000B\000m\000p}{subsection.3.7.2}% 102
\BOOKMARK [3][-]{subsubsection.3.7.2.11}{\376\377\0003\000.\0007\000.\0002\000.\0001\0001\000\040\000r\000g\000b\000O\000l\000e\000d\000F\000o\000n\000t\000U\000s\000e\000r}{subsection.3.7.2}% 103
\BOOKMARK [3][-]{subsubsection.3.7.2.12}{\376\377\0003\000.\0007\000.\0002\000.\0001\0002\000\040\000x\000c\000h\000O\000l\000e\000d\000C\000u\000r}{subsection.3.7.2}% 104
\BOOKMARK [3][-]{subsubsection.3.7.2.13}{\376\377\0003\000.\0007\000.\0002\000.\0001\0003\000\040\000x\000c\000h\000O\000l\000e\000d\000M\000a\000x}{subsection.3.7.2}% 105
\BOOKMARK [3][-]{subsubsection.3.7.2.14}{\376\377\0003\000.\0007\000.\0002\000.\0001\0004\000\040\000x\000c\000o\000O\000l\000e\000d\000C\000u\000r}{subsection.3.7.2}% 106
\BOOKMARK [3][-]{subsubsection.3.7.2.15}{\376\377\0003\000.\0007\000.\0002\000.\0001\0005\000\040\000y\000c\000h\000O\000l\000e\000d\000C\000u\000r}{subsection.3.7.2}% 107
\BOOKMARK [3][-]{subsubsection.3.7.2.16}{\376\377\0003\000.\0007\000.\0002\000.\0001\0006\000\040\000y\000c\000h\000O\000l\000e\000d\000M\000a\000x}{subsection.3.7.2}% 108
\BOOKMARK [3][-]{subsubsection.3.7.2.17}{\376\377\0003\000.\0007\000.\0002\000.\0001\0007\000\040\000y\000c\000o\000O\000l\000e\000d\000C\000u\000r}{subsection.3.7.2}% 109
\BOOKMARK [1][-]{section.3.8}{\376\377\0003\000.\0008\000\040\000D\000:\000/\000G\000I\000T\000/\000T\000h\000e\000C\000o\000n\000n\000e\000c\000t\000e\000d\000M\000C\000U\000\137\000L\000a\000b\000s\000/\000b\000k\000a\000r\000a\000c\000h\000o\000k\000/\000l\000a\000b\0005\000\137\000S\000P\000I\000\137\000O\000L\000E\000D\000/\000O\000l\000e\000d\000C\000h\000a\000r\000.\000h\000\040\000F\000i\000l\000e\000\040\000R\000e\000f\000e\000r\000e\000n\000c\000e}{chapter.3}% 110
\BOOKMARK [2][-]{subsection.3.8.1}{\376\377\0003\000.\0008\000.\0001\000\040\000F\000u\000n\000c\000t\000i\000o\000n\000\040\000D\000o\000c\000u\000m\000e\000n\000t\000a\000t\000i\000o\000n}{section.3.8}% 111
\BOOKMARK [3][-]{subsubsection.3.8.1.1}{\376\377\0003\000.\0008\000.\0001\000.\0001\000\040\000O\000l\000e\000d\000D\000e\000f\000U\000s\000e\000r\000C\000h\000a\000r\000\050\000\051}{subsection.3.8.1}% 112
\BOOKMARK [3][-]{subsubsection.3.8.1.2}{\376\377\0003\000.\0008\000.\0001\000.\0002\000\040\000O\000l\000e\000d\000G\000e\000t\000C\000h\000a\000r\000U\000p\000d\000a\000t\000e\000\050\000\051}{subsection.3.8.1}% 113
\BOOKMARK [3][-]{subsubsection.3.8.1.3}{\376\377\0003\000.\0008\000.\0001\000.\0003\000\040\000O\000l\000e\000d\000G\000e\000t\000C\000u\000r\000s\000o\000r\000\050\000\051}{subsection.3.8.1}% 114
\BOOKMARK [3][-]{subsubsection.3.8.1.4}{\376\377\0003\000.\0008\000.\0001\000.\0004\000\040\000O\000l\000e\000d\000P\000u\000t\000C\000h\000a\000r\000\050\000\051}{subsection.3.8.1}% 115
\BOOKMARK [3][-]{subsubsection.3.8.1.5}{\376\377\0003\000.\0008\000.\0001\000.\0005\000\040\000O\000l\000e\000d\000P\000u\000t\000S\000t\000r\000i\000n\000g\000\050\000\051}{subsection.3.8.1}% 116
\BOOKMARK [3][-]{subsubsection.3.8.1.6}{\376\377\0003\000.\0008\000.\0001\000.\0006\000\040\000O\000l\000e\000d\000S\000e\000t\000C\000h\000a\000r\000U\000p\000d\000a\000t\000e\000\050\000\051}{subsection.3.8.1}% 117
\BOOKMARK [3][-]{subsubsection.3.8.1.7}{\376\377\0003\000.\0008\000.\0001\000.\0007\000\040\000O\000l\000e\000d\000S\000e\000t\000C\000u\000r\000s\000o\000r\000\050\000\051}{subsection.3.8.1}% 118
\BOOKMARK [1][-]{section.3.9}{\376\377\0003\000.\0009\000\040\000D\000:\000/\000G\000I\000T\000/\000T\000h\000e\000C\000o\000n\000n\000e\000c\000t\000e\000d\000M\000C\000U\000\137\000L\000a\000b\000s\000/\000b\000k\000a\000r\000a\000c\000h\000o\000k\000/\000l\000a\000b\0005\000\137\000S\000P\000I\000\137\000O\000L\000E\000D\000/\000O\000l\000e\000d\000G\000r\000p\000h\000.\000c\000\040\000F\000i\000l\000e\000\040\000R\000e\000f\000e\000r\000e\000n\000c\000e}{chapter.3}% 119
\BOOKMARK [2][-]{subsection.3.9.1}{\376\377\0003\000.\0009\000.\0001\000\040\000F\000u\000n\000c\000t\000i\000o\000n\000\040\000D\000o\000c\000u\000m\000e\000n\000t\000a\000t\000i\000o\000n}{section.3.9}% 120
\BOOKMARK [3][-]{subsubsection.3.9.1.1}{\376\377\0003\000.\0009\000.\0001\000.\0001\000\040\000O\000l\000e\000d\000C\000l\000a\000m\000p\000X\000c\000o\000\050\000\051}{subsection.3.9.1}% 121
\BOOKMARK [3][-]{subsubsection.3.9.1.2}{\376\377\0003\000.\0009\000.\0001\000.\0002\000\040\000O\000l\000e\000d\000C\000l\000a\000m\000p\000Y\000c\000o\000\050\000\051}{subsection.3.9.1}% 122
\BOOKMARK [3][-]{subsubsection.3.9.1.3}{\376\377\0003\000.\0009\000.\0001\000.\0003\000\040\000O\000l\000e\000d\000D\000r\000a\000w\000C\000h\000a\000r\000\050\000\051}{subsection.3.9.1}% 123
\BOOKMARK [3][-]{subsubsection.3.9.1.4}{\376\377\0003\000.\0009\000.\0001\000.\0004\000\040\000O\000l\000e\000d\000D\000r\000a\000w\000P\000i\000x\000e\000l\000\050\000\051}{subsection.3.9.1}% 124
\BOOKMARK [3][-]{subsubsection.3.9.1.5}{\376\377\0003\000.\0009\000.\0001\000.\0005\000\040\000O\000l\000e\000d\000D\000r\000a\000w\000R\000e\000c\000t\000\050\000\051}{subsection.3.9.1}% 125
\BOOKMARK [3][-]{subsubsection.3.9.1.6}{\376\377\0003\000.\0009\000.\0001\000.\0006\000\040\000O\000l\000e\000d\000D\000r\000a\000w\000S\000t\000r\000i\000n\000g\000\050\000\051}{subsection.3.9.1}% 126
\BOOKMARK [3][-]{subsubsection.3.9.1.7}{\376\377\0003\000.\0009\000.\0001\000.\0007\000\040\000O\000l\000e\000d\000F\000i\000l\000l\000R\000e\000c\000t\000\050\000\051}{subsection.3.9.1}% 127
\BOOKMARK [3][-]{subsubsection.3.9.1.8}{\376\377\0003\000.\0009\000.\0001\000.\0008\000\040\000O\000l\000e\000d\000G\000e\000t\000B\000m\000p\000\050\000\051}{subsection.3.9.1}% 128
\BOOKMARK [3][-]{subsubsection.3.9.1.9}{\376\377\0003\000.\0009\000.\0001\000.\0009\000\040\000O\000l\000e\000d\000G\000e\000t\000D\000r\000a\000w\000M\000o\000d\000e\000\050\000\051}{subsection.3.9.1}% 129
\BOOKMARK [3][-]{subsubsection.3.9.1.10}{\376\377\0003\000.\0009\000.\0001\000.\0001\0000\000\040\000O\000l\000e\000d\000G\000e\000t\000P\000i\000x\000e\000l\000\050\000\051}{subsection.3.9.1}% 130
\BOOKMARK [3][-]{subsubsection.3.9.1.11}{\376\377\0003\000.\0009\000.\0001\000.\0001\0001\000\040\000O\000l\000e\000d\000G\000e\000t\000P\000o\000s\000\050\000\051}{subsection.3.9.1}% 131
\BOOKMARK [3][-]{subsubsection.3.9.1.12}{\376\377\0003\000.\0009\000.\0001\000.\0001\0002\000\040\000O\000l\000e\000d\000G\000e\000t\000S\000t\000d\000P\000a\000t\000t\000e\000r\000n\000\050\000\051}{subsection.3.9.1}% 132
\BOOKMARK [3][-]{subsubsection.3.9.1.13}{\376\377\0003\000.\0009\000.\0001\000.\0001\0003\000\040\000O\000l\000e\000d\000L\000i\000n\000e\000T\000o\000\050\000\051}{subsection.3.9.1}% 133
\BOOKMARK [3][-]{subsubsection.3.9.1.14}{\376\377\0003\000.\0009\000.\0001\000.\0001\0004\000\040\000O\000l\000e\000d\000M\000o\000v\000e\000D\000o\000w\000n\000\050\000\051}{subsection.3.9.1}% 134
\BOOKMARK [3][-]{subsubsection.3.9.1.15}{\376\377\0003\000.\0009\000.\0001\000.\0001\0005\000\040\000O\000l\000e\000d\000M\000o\000v\000e\000L\000e\000f\000t\000\050\000\051}{subsection.3.9.1}% 135
\BOOKMARK [3][-]{subsubsection.3.9.1.16}{\376\377\0003\000.\0009\000.\0001\000.\0001\0006\000\040\000O\000l\000e\000d\000M\000o\000v\000e\000R\000i\000g\000h\000t\000\050\000\051}{subsection.3.9.1}% 136
\BOOKMARK [3][-]{subsubsection.3.9.1.17}{\376\377\0003\000.\0009\000.\0001\000.\0001\0007\000\040\000O\000l\000e\000d\000M\000o\000v\000e\000T\000o\000\050\000\051}{subsection.3.9.1}% 137
\BOOKMARK [3][-]{subsubsection.3.9.1.18}{\376\377\0003\000.\0009\000.\0001\000.\0001\0008\000\040\000O\000l\000e\000d\000M\000o\000v\000e\000U\000p\000\050\000\051}{subsection.3.9.1}% 138
\BOOKMARK [3][-]{subsubsection.3.9.1.19}{\376\377\0003\000.\0009\000.\0001\000.\0001\0009\000\040\000O\000l\000e\000d\000P\000u\000t\000B\000m\000p\000\050\000\051}{subsection.3.9.1}% 139
\BOOKMARK [3][-]{subsubsection.3.9.1.20}{\376\377\0003\000.\0009\000.\0001\000.\0002\0000\000\040\000O\000l\000e\000d\000R\000o\000p\000A\000n\000d\000\050\000\051}{subsection.3.9.1}% 140
\BOOKMARK [3][-]{subsubsection.3.9.1.21}{\376\377\0003\000.\0009\000.\0001\000.\0002\0001\000\040\000O\000l\000e\000d\000R\000o\000p\000O\000r\000\050\000\051}{subsection.3.9.1}% 141
\BOOKMARK [3][-]{subsubsection.3.9.1.22}{\376\377\0003\000.\0009\000.\0001\000.\0002\0002\000\040\000O\000l\000e\000d\000R\000o\000p\000S\000e\000t\000\050\000\051}{subsection.3.9.1}% 142
\BOOKMARK [3][-]{subsubsection.3.9.1.23}{\376\377\0003\000.\0009\000.\0001\000.\0002\0003\000\040\000O\000l\000e\000d\000R\000o\000p\000X\000o\000r\000\050\000\051}{subsection.3.9.1}% 143
\BOOKMARK [3][-]{subsubsection.3.9.1.24}{\376\377\0003\000.\0009\000.\0001\000.\0002\0004\000\040\000O\000l\000e\000d\000S\000e\000t\000D\000r\000a\000w\000C\000o\000l\000o\000r\000\050\000\051}{subsection.3.9.1}% 144
\BOOKMARK [3][-]{subsubsection.3.9.1.25}{\376\377\0003\000.\0009\000.\0001\000.\0002\0005\000\040\000O\000l\000e\000d\000S\000e\000t\000D\000r\000a\000w\000M\000o\000d\000e\000\050\000\051}{subsection.3.9.1}% 145
\BOOKMARK [3][-]{subsubsection.3.9.1.26}{\376\377\0003\000.\0009\000.\0001\000.\0002\0006\000\040\000O\000l\000e\000d\000S\000e\000t\000F\000i\000l\000l\000P\000a\000t\000t\000e\000r\000n\000\050\000\051}{subsection.3.9.1}% 146
\BOOKMARK [2][-]{subsection.3.9.2}{\376\377\0003\000.\0009\000.\0002\000\040\000V\000a\000r\000i\000a\000b\000l\000e\000\040\000D\000o\000c\000u\000m\000e\000n\000t\000a\000t\000i\000o\000n}{section.3.9}% 147
\BOOKMARK [3][-]{subsubsection.3.9.2.1}{\376\377\0003\000.\0009\000.\0002\000.\0001\000\040\000b\000n\000O\000l\000e\000d\000C\000u\000r}{subsection.3.9.2}% 148
\BOOKMARK [3][-]{subsubsection.3.9.2.2}{\376\377\0003\000.\0009\000.\0002\000.\0002\000\040\000c\000l\000r\000O\000l\000e\000d\000C\000u\000r}{subsection.3.9.2}% 149
\BOOKMARK [3][-]{subsubsection.3.9.2.3}{\376\377\0003\000.\0009\000.\0002\000.\0003\000\040\000d\000x\000c\000o\000O\000l\000e\000d\000F\000o\000n\000t\000C\000u\000r}{subsection.3.9.2}% 150
\BOOKMARK [3][-]{subsubsection.3.9.2.4}{\376\377\0003\000.\0009\000.\0002\000.\0004\000\040\000d\000y\000c\000o\000O\000l\000e\000d\000F\000o\000n\000t\000C\000u\000r}{subsection.3.9.2}% 151
\BOOKMARK [3][-]{subsubsection.3.9.2.5}{\376\377\0003\000.\0009\000.\0002\000.\0005\000\040\000m\000o\000d\000O\000l\000e\000d\000C\000u\000r}{subsection.3.9.2}% 152
\BOOKMARK [3][-]{subsubsection.3.9.2.6}{\376\377\0003\000.\0009\000.\0002\000.\0006\000\040\000p\000b\000O\000l\000e\000d\000C\000u\000r}{subsection.3.9.2}% 153
\BOOKMARK [3][-]{subsubsection.3.9.2.7}{\376\377\0003\000.\0009\000.\0002\000.\0007\000\040\000p\000b\000O\000l\000e\000d\000F\000o\000n\000t\000C\000u\000r}{subsection.3.9.2}% 154
\BOOKMARK [3][-]{subsubsection.3.9.2.8}{\376\377\0003\000.\0009\000.\0002\000.\0008\000\040\000p\000b\000O\000l\000e\000d\000F\000o\000n\000t\000U\000s\000e\000r}{subsection.3.9.2}% 155
\BOOKMARK [3][-]{subsubsection.3.9.2.9}{\376\377\0003\000.\0009\000.\0002\000.\0009\000\040\000p\000b\000O\000l\000e\000d\000P\000a\000t\000C\000u\000r}{subsection.3.9.2}% 156
\BOOKMARK [3][-]{subsubsection.3.9.2.10}{\376\377\0003\000.\0009\000.\0002\000.\0001\0000\000\040\000p\000f\000n\000D\000o\000R\000o\000p}{subsection.3.9.2}% 157
\BOOKMARK [3][-]{subsubsection.3.9.2.11}{\376\377\0003\000.\0009\000.\0002\000.\0001\0001\000\040\000r\000g\000b\000F\000i\000l\000l\000P\000a\000t}{subsection.3.9.2}% 158
\BOOKMARK [3][-]{subsubsection.3.9.2.12}{\376\377\0003\000.\0009\000.\0002\000.\0001\0002\000\040\000r\000g\000b\000O\000l\000e\000d\000B\000m\000p}{subsection.3.9.2}% 159
\BOOKMARK [3][-]{subsubsection.3.9.2.13}{\376\377\0003\000.\0009\000.\0002\000.\0001\0003\000\040\000x\000c\000o\000O\000l\000e\000d\000C\000u\000r}{subsection.3.9.2}% 160
\BOOKMARK [3][-]{subsubsection.3.9.2.14}{\376\377\0003\000.\0009\000.\0002\000.\0001\0004\000\040\000y\000c\000o\000O\000l\000e\000d\000C\000u\000r}{subsection.3.9.2}% 161
\BOOKMARK [1][-]{section.3.10}{\376\377\0003\000.\0001\0000\000\040\000D\000:\000/\000G\000I\000T\000/\000T\000h\000e\000C\000o\000n\000n\000e\000c\000t\000e\000d\000M\000C\000U\000\137\000L\000a\000b\000s\000/\000b\000k\000a\000r\000a\000c\000h\000o\000k\000/\000l\000a\000b\0005\000\137\000S\000P\000I\000\137\000O\000L\000E\000D\000/\000O\000l\000e\000d\000G\000r\000p\000h\000.\000h\000\040\000F\000i\000l\000e\000\040\000R\000e\000f\000e\000r\000e\000n\000c\000e}{chapter.3}% 162
\BOOKMARK [2][-]{subsection.3.10.1}{\376\377\0003\000.\0001\0000\000.\0001\000\040\000F\000u\000n\000c\000t\000i\000o\000n\000\040\000D\000o\000c\000u\000m\000e\000n\000t\000a\000t\000i\000o\000n}{section.3.10}% 163
\BOOKMARK [3][-]{subsubsection.3.10.1.1}{\376\377\0003\000.\0001\0000\000.\0001\000.\0001\000\040\000O\000l\000e\000d\000D\000r\000a\000w\000C\000h\000a\000r\000\050\000\051}{subsection.3.10.1}% 164
\BOOKMARK [3][-]{subsubsection.3.10.1.2}{\376\377\0003\000.\0001\0000\000.\0001\000.\0002\000\040\000O\000l\000e\000d\000D\000r\000a\000w\000P\000i\000x\000e\000l\000\050\000\051}{subsection.3.10.1}% 165
\BOOKMARK [3][-]{subsubsection.3.10.1.3}{\376\377\0003\000.\0001\0000\000.\0001\000.\0003\000\040\000O\000l\000e\000d\000D\000r\000a\000w\000R\000e\000c\000t\000\050\000\051}{subsection.3.10.1}% 166
\BOOKMARK [3][-]{subsubsection.3.10.1.4}{\376\377\0003\000.\0001\0000\000.\0001\000.\0004\000\040\000O\000l\000e\000d\000D\000r\000a\000w\000S\000t\000r\000i\000n\000g\000\050\000\051}{subsection.3.10.1}% 167
\BOOKMARK [3][-]{subsubsection.3.10.1.5}{\376\377\0003\000.\0001\0000\000.\0001\000.\0005\000\040\000O\000l\000e\000d\000F\000i\000l\000l\000R\000e\000c\000t\000\050\000\051}{subsection.3.10.1}% 168
\BOOKMARK [3][-]{subsubsection.3.10.1.6}{\376\377\0003\000.\0001\0000\000.\0001\000.\0006\000\040\000O\000l\000e\000d\000G\000e\000t\000B\000m\000p\000\050\000\051}{subsection.3.10.1}% 169
\BOOKMARK [3][-]{subsubsection.3.10.1.7}{\376\377\0003\000.\0001\0000\000.\0001\000.\0007\000\040\000O\000l\000e\000d\000G\000e\000t\000D\000r\000a\000w\000M\000o\000d\000e\000\050\000\051}{subsection.3.10.1}% 170
\BOOKMARK [3][-]{subsubsection.3.10.1.8}{\376\377\0003\000.\0001\0000\000.\0001\000.\0008\000\040\000O\000l\000e\000d\000G\000e\000t\000P\000i\000x\000e\000l\000\050\000\051}{subsection.3.10.1}% 171
\BOOKMARK [3][-]{subsubsection.3.10.1.9}{\376\377\0003\000.\0001\0000\000.\0001\000.\0009\000\040\000O\000l\000e\000d\000G\000e\000t\000P\000o\000s\000\050\000\051}{subsection.3.10.1}% 172
\BOOKMARK [3][-]{subsubsection.3.10.1.10}{\376\377\0003\000.\0001\0000\000.\0001\000.\0001\0000\000\040\000O\000l\000e\000d\000G\000e\000t\000S\000t\000d\000P\000a\000t\000t\000e\000r\000n\000\050\000\051}{subsection.3.10.1}% 173
\BOOKMARK [3][-]{subsubsection.3.10.1.11}{\376\377\0003\000.\0001\0000\000.\0001\000.\0001\0001\000\040\000O\000l\000e\000d\000L\000i\000n\000e\000T\000o\000\050\000\051}{subsection.3.10.1}% 174
\BOOKMARK [3][-]{subsubsection.3.10.1.12}{\376\377\0003\000.\0001\0000\000.\0001\000.\0001\0002\000\040\000O\000l\000e\000d\000M\000o\000v\000e\000T\000o\000\050\000\051}{subsection.3.10.1}% 175
\BOOKMARK [3][-]{subsubsection.3.10.1.13}{\376\377\0003\000.\0001\0000\000.\0001\000.\0001\0003\000\040\000O\000l\000e\000d\000P\000u\000t\000B\000m\000p\000\050\000\051}{subsection.3.10.1}% 176
\BOOKMARK [3][-]{subsubsection.3.10.1.14}{\376\377\0003\000.\0001\0000\000.\0001\000.\0001\0004\000\040\000O\000l\000e\000d\000S\000e\000t\000D\000r\000a\000w\000C\000o\000l\000o\000r\000\050\000\051}{subsection.3.10.1}% 177
\BOOKMARK [3][-]{subsubsection.3.10.1.15}{\376\377\0003\000.\0001\0000\000.\0001\000.\0001\0005\000\040\000O\000l\000e\000d\000S\000e\000t\000D\000r\000a\000w\000M\000o\000d\000e\000\050\000\051}{subsection.3.10.1}% 178
\BOOKMARK [3][-]{subsubsection.3.10.1.16}{\376\377\0003\000.\0001\0000\000.\0001\000.\0001\0006\000\040\000O\000l\000e\000d\000S\000e\000t\000F\000i\000l\000l\000P\000a\000t\000t\000e\000r\000n\000\050\000\051}{subsection.3.10.1}% 179
\BOOKMARK [1][-]{section.3.11}{\376\377\0003\000.\0001\0001\000\040\000D\000:\000/\000G\000I\000T\000/\000T\000h\000e\000C\000o\000n\000n\000e\000c\000t\000e\000d\000M\000C\000U\000\137\000L\000a\000b\000s\000/\000b\000k\000a\000r\000a\000c\000h\000o\000k\000/\000l\000a\000b\0005\000\137\000S\000P\000I\000\137\000O\000L\000E\000D\000/\000R\000E\000A\000D\000M\000E\000.\000m\000d\000\040\000F\000i\000l\000e\000\040\000R\000e\000f\000e\000r\000e\000n\000c\000e}{chapter.3}% 180
\BOOKMARK [1][-]{section.3.12}{\376\377\0003\000.\0001\0002\000\040\000D\000:\000/\000G\000I\000T\000/\000T\000h\000e\000C\000o\000n\000n\000e\000c\000t\000e\000d\000M\000C\000U\000\137\000L\000a\000b\000s\000/\000b\000k\000a\000r\000a\000c\000h\000o\000k\000/\000l\000a\000b\0005\000\137\000S\000P\000I\000\137\000O\000L\000E\000D\000/\000S\000P\000I\000.\000c\000\040\000F\000i\000l\000e\000\040\000R\000e\000f\000e\000r\000e\000n\000c\000e}{chapter.3}% 181
\BOOKMARK [2][-]{subsection.3.12.1}{\376\377\0003\000.\0001\0002\000.\0001\000\040\000F\000u\000n\000c\000t\000i\000o\000n\000\040\000D\000o\000c\000u\000m\000e\000n\000t\000a\000t\000i\000o\000n}{section.3.12}% 182
\BOOKMARK [3][-]{subsubsection.3.12.1.1}{\376\377\0003\000.\0001\0002\000.\0001\000.\0001\000\040\000O\000l\000e\000d\000P\000u\000t\000B\000u\000f\000f\000e\000r\000\050\000\051}{subsection.3.12.1}% 183
\BOOKMARK [3][-]{subsubsection.3.12.1.2}{\376\377\0003\000.\0001\0002\000.\0001\000.\0002\000\040\000S\000p\000i\0002\000P\000u\000t\000B\000y\000t\000e\000\050\000\051}{subsection.3.12.1}% 184
\BOOKMARK [1][-]{section.3.13}{\376\377\0003\000.\0001\0003\000\040\000D\000:\000/\000G\000I\000T\000/\000T\000h\000e\000C\000o\000n\000n\000e\000c\000t\000e\000d\000M\000C\000U\000\137\000L\000a\000b\000s\000/\000b\000k\000a\000r\000a\000c\000h\000o\000k\000/\000l\000a\000b\0005\000\137\000S\000P\000I\000\137\000O\000L\000E\000D\000/\000u\000s\000e\000r\000.\000c\000\040\000F\000i\000l\000e\000\040\000R\000e\000f\000e\000r\000e\000n\000c\000e}{chapter.3}% 185
\BOOKMARK [2][-]{subsection.3.13.1}{\376\377\0003\000.\0001\0003\000.\0001\000\040\000F\000u\000n\000c\000t\000i\000o\000n\000\040\000D\000o\000c\000u\000m\000e\000n\000t\000a\000t\000i\000o\000n}{section.3.13}% 186
\BOOKMARK [3][-]{subsubsection.3.13.1.1}{\376\377\0003\000.\0001\0003\000.\0001\000.\0001\000\040\000\137\000\137\000I\000S\000R\000\050\000\051}{subsection.3.13.1}% 187
\BOOKMARK [3][-]{subsubsection.3.13.1.2}{\376\377\0003\000.\0001\0003\000.\0001\000.\0002\000\040\000D\000e\000l\000a\000y\000M\000s\000\050\000\051}{subsection.3.13.1}% 188
\BOOKMARK [3][-]{subsubsection.3.13.1.3}{\376\377\0003\000.\0001\0003\000.\0001\000.\0003\000\040\000I\000n\000i\000t\000A\000p\000p\000\050\000\051}{subsection.3.13.1}% 189
\BOOKMARK [3][-]{subsubsection.3.13.1.4}{\376\377\0003\000.\0001\0003\000.\0001\000.\0004\000\040\000I\000n\000i\000t\000G\000P\000I\000O\000\050\000\051}{subsection.3.13.1}% 190
\BOOKMARK [3][-]{subsubsection.3.13.1.5}{\376\377\0003\000.\0001\0003\000.\0001\000.\0005\000\040\000I\000n\000i\000t\000T\000i\000m\000e\000r\0002\000\050\000\051}{subsection.3.13.1}% 191
\BOOKMARK [1][-]{section.3.14}{\376\377\0003\000.\0001\0004\000\040\000D\000:\000/\000G\000I\000T\000/\000T\000h\000e\000C\000o\000n\000n\000e\000c\000t\000e\000d\000M\000C\000U\000\137\000L\000a\000b\000s\000/\000b\000k\000a\000r\000a\000c\000h\000o\000k\000/\000l\000a\000b\0005\000\137\000S\000P\000I\000\137\000O\000L\000E\000D\000/\000u\000s\000e\000r\000.\000h\000\040\000F\000i\000l\000e\000\040\000R\000e\000f\000e\000r\000e\000n\000c\000e}{chapter.3}% 192
\BOOKMARK [2][-]{subsection.3.14.1}{\376\377\0003\000.\0001\0004\000.\0001\000\040\000M\000a\000c\000r\000o\000\040\000D\000e\000f\000i\000n\000i\000t\000i\000o\000n\000\040\000D\000o\000c\000u\000m\000e\000n\000t\000a\000t\000i\000o\000n}{section.3.14}% 193
\BOOKMARK [3][-]{subsubsection.3.14.1.1}{\376\377\0003\000.\0001\0004\000.\0001\000.\0001\000\040\000B\000T\000N\0001}{subsection.3.14.1}% 194
\BOOKMARK [3][-]{subsubsection.3.14.1.2}{\376\377\0003\000.\0001\0004\000.\0001\000.\0002\000\040\000B\000T\000N\0002}{subsection.3.14.1}% 195
\BOOKMARK [3][-]{subsubsection.3.14.1.3}{\376\377\0003\000.\0001\0004\000.\0001\000.\0003\000\040\000B\000T\000N\0003}{subsection.3.14.1}% 196
\BOOKMARK [3][-]{subsubsection.3.14.1.4}{\376\377\0003\000.\0001\0004\000.\0001\000.\0004\000\040\000B\000T\000N\0004}{subsection.3.14.1}% 197
\BOOKMARK [3][-]{subsubsection.3.14.1.5}{\376\377\0003\000.\0001\0004\000.\0001\000.\0005\000\040\000L\000D\0001\000\137\000P\000O\000R\000T\000\137\000B\000I\000T}{subsection.3.14.1}% 198
\BOOKMARK [3][-]{subsubsection.3.14.1.6}{\376\377\0003\000.\0001\0004\000.\0001\000.\0006\000\040\000L\000D\0002\000\137\000P\000O\000R\000T\000\137\000B\000I\000T}{subsection.3.14.1}% 199
\BOOKMARK [3][-]{subsubsection.3.14.1.7}{\376\377\0003\000.\0001\0004\000.\0001\000.\0007\000\040\000L\000D\0003\000\137\000P\000O\000R\000T\000\137\000B\000I\000T}{subsection.3.14.1}% 200
\BOOKMARK [3][-]{subsubsection.3.14.1.8}{\376\377\0003\000.\0001\0004\000.\0001\000.\0008\000\040\000L\000D\0004\000\137\000P\000O\000R\000T\000\137\000B\000I\000T}{subsection.3.14.1}% 201
\BOOKMARK [3][-]{subsubsection.3.14.1.9}{\376\377\0003\000.\0001\0004\000.\0001\000.\0009\000\040\000S\000W\0001}{subsection.3.14.1}% 202
\BOOKMARK [2][-]{subsection.3.14.2}{\376\377\0003\000.\0001\0004\000.\0002\000\040\000F\000u\000n\000c\000t\000i\000o\000n\000\040\000D\000o\000c\000u\000m\000e\000n\000t\000a\000t\000i\000o\000n}{section.3.14}% 203
\BOOKMARK [3][-]{subsubsection.3.14.2.1}{\376\377\0003\000.\0001\0004\000.\0002\000.\0001\000\040\000D\000e\000l\000a\000y\000M\000s\000\050\000\051}{subsection.3.14.2}% 204
\BOOKMARK [3][-]{subsubsection.3.14.2.2}{\376\377\0003\000.\0001\0004\000.\0002\000.\0002\000\040\000I\000n\000i\000t\000A\000p\000p\000\050\000\051}{subsection.3.14.2}% 205
\BOOKMARK [0][-]{section*.22}{\376\377\000I\000n\000d\000e\000x}{}% 206
