\BOOKMARK [0][-]{chapter.1}{\376\377\0001\000\040\000R\000E\000A\000D\000M\000E}{}% 1
\BOOKMARK [0][-]{chapter.2}{\376\377\0002\000\040\000F\000i\000l\000e\000\040\000I\000n\000d\000e\000x}{}% 2
\BOOKMARK [1][-]{section.2.1}{\376\377\0002\000.\0001\000\040\000F\000i\000l\000e\000\040\000L\000i\000s\000t}{chapter.2}% 3
\BOOKMARK [0][-]{chapter.3}{\376\377\0003\000\040\000F\000i\000l\000e\000\040\000D\000o\000c\000u\000m\000e\000n\000t\000a\000t\000i\000o\000n}{}% 4
\BOOKMARK [1][-]{section.3.1}{\376\377\0003\000.\0001\000\040\000D\000:\000/\000G\000I\000T\000/\000T\000h\000e\000C\000o\000n\000n\000e\000c\000t\000e\000d\000M\000C\000U\000\137\000L\000a\000b\000s\000/\000b\000k\000a\000r\000a\000c\000h\000o\000k\000/\000l\000a\000b\0003\000-\000A\000D\000C\000\137\000P\000W\000M\000/\000A\000D\000C\000.\000c\000\040\000F\000i\000l\000e\000\040\000R\000e\000f\000e\000r\000e\000n\000c\000e}{chapter.3}% 5
\BOOKMARK [2][-]{subsection.3.1.1}{\376\377\0003\000.\0001\000.\0001\000\040\000F\000u\000n\000c\000t\000i\000o\000n\000\040\000D\000o\000c\000u\000m\000e\000n\000t\000a\000t\000i\000o\000n}{section.3.1}% 6
\BOOKMARK [3][-]{subsubsection.3.1.1.1}{\376\377\0003\000.\0001\000.\0001\000.\0001\000\040\000c\000o\000n\000v\000e\000r\000t\000W\000i\000F\000I\000R\000E\000a\000d\000c\000\050\000\051}{subsection.3.1.1}% 7
\BOOKMARK [3][-]{subsubsection.3.1.1.2}{\376\377\0003\000.\0001\000.\0001\000.\0002\000\040\000i\000n\000i\000t\000W\000i\000F\000I\000R\000E\000a\000d\000c\000\050\000\051}{subsection.3.1.1}% 8
\BOOKMARK [3][-]{subsubsection.3.1.1.3}{\376\377\0003\000.\0001\000.\0001\000.\0003\000\040\000R\000e\000a\000d\000P\000o\000t\000e\000n\000t\000i\000o\000m\000e\000t\000e\000r\000W\000i\000t\000h\000A\000D\000C\000\050\000\051}{subsection.3.1.1}% 9
\BOOKMARK [1][-]{section.3.2}{\376\377\0003\000.\0002\000\040\000D\000:\000/\000G\000I\000T\000/\000T\000h\000e\000C\000o\000n\000n\000e\000c\000t\000e\000d\000M\000C\000U\000\137\000L\000a\000b\000s\000/\000b\000k\000a\000r\000a\000c\000h\000o\000k\000/\000l\000a\000b\0003\000-\000A\000D\000C\000\137\000P\000W\000M\000/\000A\000D\000C\000.\000h\000\040\000F\000i\000l\000e\000\040\000R\000e\000f\000e\000r\000e\000n\000c\000e}{chapter.3}% 10
\BOOKMARK [2][-]{subsection.3.2.1}{\376\377\0003\000.\0002\000.\0001\000\040\000F\000u\000n\000c\000t\000i\000o\000n\000\040\000D\000o\000c\000u\000m\000e\000n\000t\000a\000t\000i\000o\000n}{section.3.2}% 11
\BOOKMARK [3][-]{subsubsection.3.2.1.1}{\376\377\0003\000.\0002\000.\0001\000.\0001\000\040\000c\000o\000n\000v\000e\000r\000t\000W\000i\000F\000I\000R\000E\000a\000d\000c\000\050\000\051}{subsection.3.2.1}% 12
\BOOKMARK [3][-]{subsubsection.3.2.1.2}{\376\377\0003\000.\0002\000.\0001\000.\0002\000\040\000i\000n\000i\000t\000W\000i\000F\000I\000R\000E\000a\000d\000c\000\050\000\051}{subsection.3.2.1}% 13
\BOOKMARK [1][-]{section.3.3}{\376\377\0003\000.\0003\000\040\000D\000:\000/\000G\000I\000T\000/\000T\000h\000e\000C\000o\000n\000n\000e\000c\000t\000e\000d\000M\000C\000U\000\137\000L\000a\000b\000s\000/\000b\000k\000a\000r\000a\000c\000h\000o\000k\000/\000l\000a\000b\0003\000-\000A\000D\000C\000\137\000P\000W\000M\000/\000c\000o\000n\000f\000i\000g\000u\000r\000a\000t\000i\000o\000n\000\137\000b\000i\000t\000s\000.\000c\000\040\000F\000i\000l\000e\000\040\000R\000e\000f\000e\000r\000e\000n\000c\000e}{chapter.3}% 14
\BOOKMARK [1][-]{section.3.4}{\376\377\0003\000.\0004\000\040\000D\000:\000/\000G\000I\000T\000/\000T\000h\000e\000C\000o\000n\000n\000e\000c\000t\000e\000d\000M\000C\000U\000\137\000L\000a\000b\000s\000/\000b\000k\000a\000r\000a\000c\000h\000o\000k\000/\000l\000a\000b\0003\000-\000A\000D\000C\000\137\000P\000W\000M\000/\000m\000a\000i\000n\000.\000c\000\040\000F\000i\000l\000e\000\040\000R\000e\000f\000e\000r\000e\000n\000c\000e}{chapter.3}% 15
\BOOKMARK [2][-]{subsection.3.4.1}{\376\377\0003\000.\0004\000.\0001\000\040\000F\000u\000n\000c\000t\000i\000o\000n\000\040\000D\000o\000c\000u\000m\000e\000n\000t\000a\000t\000i\000o\000n}{section.3.4}% 16
\BOOKMARK [3][-]{subsubsection.3.4.1.1}{\376\377\0003\000.\0004\000.\0001\000.\0001\000\040\000m\000a\000i\000n\000\050\000\051}{subsection.3.4.1}% 17
\BOOKMARK [1][-]{section.3.5}{\376\377\0003\000.\0005\000\040\000D\000:\000/\000G\000I\000T\000/\000T\000h\000e\000C\000o\000n\000n\000e\000c\000t\000e\000d\000M\000C\000U\000\137\000L\000a\000b\000s\000/\000b\000k\000a\000r\000a\000c\000h\000o\000k\000/\000l\000a\000b\0003\000-\000A\000D\000C\000\137\000P\000W\000M\000/\000R\000E\000A\000D\000M\000E\000.\000m\000d\000\040\000F\000i\000l\000e\000\040\000R\000e\000f\000e\000r\000e\000n\000c\000e}{chapter.3}% 18
\BOOKMARK [1][-]{section.3.6}{\376\377\0003\000.\0006\000\040\000D\000:\000/\000G\000I\000T\000/\000T\000h\000e\000C\000o\000n\000n\000e\000c\000t\000e\000d\000M\000C\000U\000\137\000L\000a\000b\000s\000/\000b\000k\000a\000r\000a\000c\000h\000o\000k\000/\000l\000a\000b\0003\000-\000A\000D\000C\000\137\000P\000W\000M\000/\000u\000s\000e\000r\000.\000c\000\040\000F\000i\000l\000e\000\040\000R\000e\000f\000e\000r\000e\000n\000c\000e}{chapter.3}% 19
\BOOKMARK [2][-]{subsection.3.6.1}{\376\377\0003\000.\0006\000.\0001\000\040\000M\000a\000c\000r\000o\000\040\000D\000e\000f\000i\000n\000i\000t\000i\000o\000n\000\040\000D\000o\000c\000u\000m\000e\000n\000t\000a\000t\000i\000o\000n}{section.3.6}% 20
\BOOKMARK [3][-]{subsubsection.3.6.1.1}{\376\377\0003\000.\0006\000.\0001\000.\0001\000\040\000M\000O\000D\000E}{subsection.3.6.1}% 21
\BOOKMARK [2][-]{subsection.3.6.2}{\376\377\0003\000.\0006\000.\0002\000\040\000F\000u\000n\000c\000t\000i\000o\000n\000\040\000D\000o\000c\000u\000m\000e\000n\000t\000a\000t\000i\000o\000n}{section.3.6}% 22
\BOOKMARK [3][-]{subsubsection.3.6.2.1}{\376\377\0003\000.\0006\000.\0002\000.\0001\000\040\000A\000d\000j\000u\000s\000t\000L\000E\000D\0001\000B\000r\000i\000g\000h\000t\000n\000e\000s\000s\000\050\000\051}{subsection.3.6.2}% 23
\BOOKMARK [3][-]{subsubsection.3.6.2.2}{\376\377\0003\000.\0006\000.\0002\000.\0002\000\040\000I\000n\000i\000t\000A\000p\000p\000\050\000\051}{subsection.3.6.2}% 24
\BOOKMARK [3][-]{subsubsection.3.6.2.3}{\376\377\0003\000.\0006\000.\0002\000.\0003\000\040\000I\000n\000i\000t\000G\000P\000I\000O\000\050\000\051}{subsection.3.6.2}% 25
\BOOKMARK [3][-]{subsubsection.3.6.2.4}{\376\377\0003\000.\0006\000.\0002\000.\0004\000\040\000I\000n\000i\000t\000T\000i\000m\000e\000r\0002\000A\000n\000d\000O\000C\0005\000\050\000\051}{subsection.3.6.2}% 26
\BOOKMARK [1][-]{section.3.7}{\376\377\0003\000.\0007\000\040\000D\000:\000/\000G\000I\000T\000/\000T\000h\000e\000C\000o\000n\000n\000e\000c\000t\000e\000d\000M\000C\000U\000\137\000L\000a\000b\000s\000/\000b\000k\000a\000r\000a\000c\000h\000o\000k\000/\000l\000a\000b\0003\000-\000A\000D\000C\000\137\000P\000W\000M\000/\000u\000s\000e\000r\000.\000h\000\040\000F\000i\000l\000e\000\040\000R\000e\000f\000e\000r\000e\000n\000c\000e}{chapter.3}% 27
\BOOKMARK [2][-]{subsection.3.7.1}{\376\377\0003\000.\0007\000.\0001\000\040\000M\000a\000c\000r\000o\000\040\000D\000e\000f\000i\000n\000i\000t\000i\000o\000n\000\040\000D\000o\000c\000u\000m\000e\000n\000t\000a\000t\000i\000o\000n}{section.3.7}% 28
\BOOKMARK [3][-]{subsubsection.3.7.1.1}{\376\377\0003\000.\0007\000.\0001\000.\0001\000\040\000B\000T\000N\0001\000\137\000P\000O\000R\000T\000\137\000B\000I\000T}{subsection.3.7.1}% 29
\BOOKMARK [3][-]{subsubsection.3.7.1.2}{\376\377\0003\000.\0007\000.\0001\000.\0002\000\040\000B\000T\000N\0002\000\137\000P\000O\000R\000T\000\137\000B\000I\000T}{subsection.3.7.1}% 30
\BOOKMARK [3][-]{subsubsection.3.7.1.3}{\376\377\0003\000.\0007\000.\0001\000.\0003\000\040\000L\000D\0001\000\137\000P\000O\000R\000T\000\137\000B\000I\000T}{subsection.3.7.1}% 31
\BOOKMARK [3][-]{subsubsection.3.7.1.4}{\376\377\0003\000.\0007\000.\0001\000.\0004\000\040\000L\000D\0002\000\137\000P\000O\000R\000T\000\137\000B\000I\000T}{subsection.3.7.1}% 32
\BOOKMARK [3][-]{subsubsection.3.7.1.5}{\376\377\0003\000.\0007\000.\0001\000.\0005\000\040\000L\000D\0003\000\137\000P\000O\000R\000T\000\137\000B\000I\000T}{subsection.3.7.1}% 33
\BOOKMARK [3][-]{subsubsection.3.7.1.6}{\376\377\0003\000.\0007\000.\0001\000.\0006\000\040\000L\000D\0004\000\137\000P\000O\000R\000T\000\137\000B\000I\000T}{subsection.3.7.1}% 34
\BOOKMARK [3][-]{subsubsection.3.7.1.7}{\376\377\0003\000.\0007\000.\0001\000.\0007\000\040\000M\000A\000X\000\137\000A\000D\000C\000\137\000V\000A\000L\000U\000E}{subsection.3.7.1}% 35
\BOOKMARK [3][-]{subsubsection.3.7.1.8}{\376\377\0003\000.\0007\000.\0001\000.\0008\000\040\000P\000W\000M\000\137\000F\000R\000E\000Q\000\137\000H\000Z}{subsection.3.7.1}% 36
\BOOKMARK [3][-]{subsubsection.3.7.1.9}{\376\377\0003\000.\0007\000.\0001\000.\0009\000\040\000P\000W\000M\000\137\000P\000E\000R\000I\000O\000D\000\137\000C\000O\000U\000N\000T\000S}{subsection.3.7.1}% 37
\BOOKMARK [3][-]{subsubsection.3.7.1.10}{\376\377\0003\000.\0007\000.\0001\000.\0001\0000\000\040\000V\000R\0001\000\137\000A\000N\000\137\000C\000H\000A\000N\000\137\000N\000U\000M}{subsection.3.7.1}% 38
\BOOKMARK [3][-]{subsubsection.3.7.1.11}{\376\377\0003\000.\0007\000.\0001\000.\0001\0001\000\040\000V\000R\0002\000\137\000A\000N\000\137\000C\000H\000A\000N\000\137\000N\000U\000M}{subsection.3.7.1}% 39
\BOOKMARK [2][-]{subsection.3.7.2}{\376\377\0003\000.\0007\000.\0002\000\040\000F\000u\000n\000c\000t\000i\000o\000n\000\040\000D\000o\000c\000u\000m\000e\000n\000t\000a\000t\000i\000o\000n}{section.3.7}% 40
\BOOKMARK [3][-]{subsubsection.3.7.2.1}{\376\377\0003\000.\0007\000.\0002\000.\0001\000\040\000A\000d\000j\000u\000s\000t\000L\000E\000D\0001\000B\000r\000i\000g\000h\000t\000n\000e\000s\000s\000\050\000\051}{subsection.3.7.2}% 41
\BOOKMARK [3][-]{subsubsection.3.7.2.2}{\376\377\0003\000.\0007\000.\0002\000.\0002\000\040\000I\000n\000i\000t\000A\000p\000p\000\050\000\051}{subsection.3.7.2}% 42
\BOOKMARK [0][-]{section*.9}{\376\377\000I\000n\000d\000e\000x}{}% 43
