\BOOKMARK [0][-]{chapter.1}{\376\377\0001\000\040\000F\000i\000l\000e\000\040\000I\000n\000d\000e\000x}{}% 1
\BOOKMARK [1][-]{section.1.1}{\376\377\0001\000.\0001\000\040\000F\000i\000l\000e\000\040\000L\000i\000s\000t}{chapter.1}% 2
\BOOKMARK [0][-]{chapter.2}{\376\377\0002\000\040\000F\000i\000l\000e\000\040\000D\000o\000c\000u\000m\000e\000n\000t\000a\000t\000i\000o\000n}{}% 3
\BOOKMARK [1][-]{section.2.1}{\376\377\0002\000.\0001\000\040\000D\000:\000/\000g\000i\000t\000/\000T\000h\000e\000C\000o\000n\000n\000e\000c\000t\000e\000d\000M\000C\000U\000\137\000L\000a\000b\000s\000/\000b\000e\000l\000a\000s\000h\000-\000b\000o\000/\000l\000a\000b\0005\000-\0006\000/\000m\000a\000i\000n\000.\000c\000\040\000F\000i\000l\000e\000\040\000R\000e\000f\000e\000r\000e\000n\000c\000e}{chapter.2}% 4
\BOOKMARK [2][-]{subsection.2.1.1}{\376\377\0002\000.\0001\000.\0001\000\040\000F\000u\000n\000c\000t\000i\000o\000n\000\040\000D\000o\000c\000u\000m\000e\000n\000t\000a\000t\000i\000o\000n}{section.2.1}% 5
\BOOKMARK [3][-]{subsubsection.2.1.1.1}{\376\377\0002\000.\0001\000.\0001\000.\0001\000\040\000\137\000g\000e\000n\000e\000r\000a\000l\000\137\000e\000x\000c\000e\000p\000t\000i\000o\000n\000\137\000h\000a\000n\000d\000l\000e\000r\000\050\000\051}{subsection.2.1.1}% 6
\BOOKMARK [3][-]{subsubsection.2.1.1.2}{\376\377\0002\000.\0001\000.\0001\000.\0002\000\040\000m\000a\000i\000n\000\050\000\051}{subsection.2.1.1}% 7
\BOOKMARK [3][-]{subsubsection.2.1.1.3}{\376\377\0002\000.\0001\000.\0001\000.\0003\000\040\000v\000A\000p\000p\000l\000i\000c\000a\000t\000i\000o\000n\000S\000t\000a\000c\000k\000O\000v\000e\000r\000f\000l\000o\000w\000H\000o\000o\000k\000\050\000\051}{subsection.2.1.1}% 8
\BOOKMARK [3][-]{subsubsection.2.1.1.4}{\376\377\0002\000.\0001\000.\0001\000.\0004\000\040\000v\000A\000p\000p\000l\000i\000c\000a\000t\000i\000o\000n\000T\000i\000c\000k\000H\000o\000o\000k\000\050\000\051}{subsection.2.1.1}% 9
\BOOKMARK [3][-]{subsubsection.2.1.1.5}{\376\377\0002\000.\0001\000.\0001\000.\0005\000\040\000v\000A\000s\000s\000e\000r\000t\000C\000a\000l\000l\000e\000d\000\050\000\051}{subsection.2.1.1}% 10
\BOOKMARK [1][-]{section.2.2}{\376\377\0002\000.\0002\000\040\000D\000:\000/\000g\000i\000t\000/\000T\000h\000e\000C\000o\000n\000n\000e\000c\000t\000e\000d\000M\000C\000U\000\137\000L\000a\000b\000s\000/\000b\000e\000l\000a\000s\000h\000-\000b\000o\000/\000l\000a\000b\0005\000-\0006\000/\000u\000s\000e\000r\000.\000c\000\040\000F\000i\000l\000e\000\040\000R\000e\000f\000e\000r\000e\000n\000c\000e}{chapter.2}% 11
\BOOKMARK [2][-]{subsection.2.2.1}{\376\377\0002\000.\0002\000.\0001\000\040\000F\000u\000n\000c\000t\000i\000o\000n\000\040\000D\000o\000c\000u\000m\000e\000n\000t\000a\000t\000i\000o\000n}{section.2.2}% 12
\BOOKMARK [3][-]{subsubsection.2.2.1.1}{\376\377\0002\000.\0002\000.\0001\000.\0001\000\040\000D\000e\000l\000a\000y\000M\000s\000\050\000\051}{subsection.2.2.1}% 13
\BOOKMARK [3][-]{subsubsection.2.2.1.2}{\376\377\0002\000.\0002\000.\0001\000.\0002\000\040\000I\000n\000i\000t\000A\000p\000p\000\050\000\051}{subsection.2.2.1}% 14
\BOOKMARK [3][-]{subsubsection.2.2.1.3}{\376\377\0002\000.\0002\000.\0001\000.\0003\000\040\000I\000n\000i\000t\000B\000I\000O\000S\000G\000P\000I\000O\000\050\000\051}{subsection.2.2.1}% 15
\BOOKMARK [3][-]{subsubsection.2.2.1.4}{\376\377\0002\000.\0002\000.\0001\000.\0004\000\040\000I\000n\000i\000t\000G\000P\000I\000O\000\050\000\051}{subsection.2.2.1}% 16
\BOOKMARK [3][-]{subsubsection.2.2.1.5}{\376\377\0002\000.\0002\000.\0001\000.\0005\000\040\000T\000a\000s\000k\0001\000\050\000\051}{subsection.2.2.1}% 17
\BOOKMARK [3][-]{subsubsection.2.2.1.6}{\376\377\0002\000.\0002\000.\0001\000.\0006\000\040\000T\000a\000s\000k\0002\000\050\000\051}{subsection.2.2.1}% 18
\BOOKMARK [1][-]{section.2.3}{\376\377\0002\000.\0003\000\040\000D\000:\000/\000g\000i\000t\000/\000T\000h\000e\000C\000o\000n\000n\000e\000c\000t\000e\000d\000M\000C\000U\000\137\000L\000a\000b\000s\000/\000b\000e\000l\000a\000s\000h\000-\000b\000o\000/\000l\000a\000b\0005\000-\0006\000/\000u\000s\000e\000r\000.\000h\000\040\000F\000i\000l\000e\000\040\000R\000e\000f\000e\000r\000e\000n\000c\000e}{chapter.2}% 19
\BOOKMARK [2][-]{subsection.2.3.1}{\376\377\0002\000.\0003\000.\0001\000\040\000M\000a\000c\000r\000o\000\040\000D\000e\000f\000i\000n\000i\000t\000i\000o\000n\000\040\000D\000o\000c\000u\000m\000e\000n\000t\000a\000t\000i\000o\000n}{section.2.3}% 20
\BOOKMARK [3][-]{subsubsection.2.3.1.1}{\376\377\0002\000.\0003\000.\0001\000.\0001\000\040\000B\000I\000O\000S\000\137\000L\000D\0001\000\137\000P\000O\000R\000T\000\137\000B\000I\000T}{subsection.2.3.1}% 21
\BOOKMARK [3][-]{subsubsection.2.3.1.2}{\376\377\0002\000.\0003\000.\0001\000.\0002\000\040\000B\000I\000O\000S\000\137\000L\000D\0002\000\137\000P\000O\000R\000T\000\137\000B\000I\000T}{subsection.2.3.1}% 22
\BOOKMARK [3][-]{subsubsection.2.3.1.3}{\376\377\0002\000.\0003\000.\0001\000.\0003\000\040\000B\000I\000O\000S\000\137\000L\000D\0003\000\137\000P\000O\000R\000T\000\137\000B\000I\000T}{subsection.2.3.1}% 23
\BOOKMARK [3][-]{subsubsection.2.3.1.4}{\376\377\0002\000.\0003\000.\0001\000.\0004\000\040\000B\000I\000O\000S\000\137\000L\000D\0004\000\137\000P\000O\000R\000T\000\137\000B\000I\000T}{subsection.2.3.1}% 24
\BOOKMARK [3][-]{subsubsection.2.3.1.5}{\376\377\0002\000.\0003\000.\0001\000.\0005\000\040\000B\000I\000O\000S\000\137\000L\000D\0005\000\137\000P\000O\000R\000T\000\137\000B\000I\000T}{subsection.2.3.1}% 25
\BOOKMARK [3][-]{subsubsection.2.3.1.6}{\376\377\0002\000.\0003\000.\0001\000.\0006\000\040\000B\000I\000O\000S\000\137\000L\000D\0006\000\137\000P\000O\000R\000T\000\137\000B\000I\000T}{subsection.2.3.1}% 26
\BOOKMARK [3][-]{subsubsection.2.3.1.7}{\376\377\0002\000.\0003\000.\0001\000.\0007\000\040\000B\000I\000O\000S\000\137\000L\000D\0007\000\137\000P\000O\000R\000T\000\137\000B\000I\000T}{subsection.2.3.1}% 27
\BOOKMARK [3][-]{subsubsection.2.3.1.8}{\376\377\0002\000.\0003\000.\0001\000.\0008\000\040\000B\000I\000O\000S\000\137\000L\000D\0008\000\137\000P\000O\000R\000T\000\137\000B\000I\000T}{subsection.2.3.1}% 28
\BOOKMARK [3][-]{subsubsection.2.3.1.9}{\376\377\0002\000.\0003\000.\0001\000.\0009\000\040\000B\000I\000O\000S\000\137\000S\000W\0001\000\137\000P\000O\000R\000T\000\137\000B\000I\000T}{subsection.2.3.1}% 29
\BOOKMARK [3][-]{subsubsection.2.3.1.10}{\376\377\0002\000.\0003\000.\0001\000.\0001\0000\000\040\000B\000I\000O\000S\000\137\000S\000W\0002\000\137\000P\000O\000R\000T\000\137\000B\000I\000T}{subsection.2.3.1}% 30
\BOOKMARK [3][-]{subsubsection.2.3.1.11}{\376\377\0002\000.\0003\000.\0001\000.\0001\0001\000\040\000B\000I\000O\000S\000\137\000S\000W\0003\000\137\000P\000O\000R\000T\000\137\000B\000I\000T}{subsection.2.3.1}% 31
\BOOKMARK [3][-]{subsubsection.2.3.1.12}{\376\377\0002\000.\0003\000.\0001\000.\0001\0002\000\040\000B\000I\000O\000S\000\137\000S\000W\0004\000\137\000P\000O\000R\000T\000\137\000B\000I\000T}{subsection.2.3.1}% 32
\BOOKMARK [3][-]{subsubsection.2.3.1.13}{\376\377\0002\000.\0003\000.\0001\000.\0001\0003\000\040\000B\000T\000N\0001\000\137\000P\000O\000R\000T\000\137\000B\000I\000T}{subsection.2.3.1}% 33
\BOOKMARK [3][-]{subsubsection.2.3.1.14}{\376\377\0002\000.\0003\000.\0001\000.\0001\0004\000\040\000B\000T\000N\0002\000\137\000P\000O\000R\000T\000\137\000B\000I\000T}{subsection.2.3.1}% 34
\BOOKMARK [3][-]{subsubsection.2.3.1.15}{\376\377\0002\000.\0003\000.\0001\000.\0001\0005\000\040\000L\000D\0001\000\137\000P\000O\000R\000T\000\137\000B\000I\000T}{subsection.2.3.1}% 35
\BOOKMARK [3][-]{subsubsection.2.3.1.16}{\376\377\0002\000.\0003\000.\0001\000.\0001\0006\000\040\000L\000D\0002\000\137\000P\000O\000R\000T\000\137\000B\000I\000T}{subsection.2.3.1}% 36
\BOOKMARK [3][-]{subsubsection.2.3.1.17}{\376\377\0002\000.\0003\000.\0001\000.\0001\0007\000\040\000L\000D\0003\000\137\000P\000O\000R\000T\000\137\000B\000I\000T}{subsection.2.3.1}% 37
\BOOKMARK [3][-]{subsubsection.2.3.1.18}{\376\377\0002\000.\0003\000.\0001\000.\0001\0008\000\040\000L\000D\0004\000\137\000P\000O\000R\000T\000\137\000B\000I\000T}{subsection.2.3.1}% 38
\BOOKMARK [2][-]{subsection.2.3.2}{\376\377\0002\000.\0003\000.\0002\000\040\000F\000u\000n\000c\000t\000i\000o\000n\000\040\000D\000o\000c\000u\000m\000e\000n\000t\000a\000t\000i\000o\000n}{section.2.3}% 39
\BOOKMARK [3][-]{subsubsection.2.3.2.1}{\376\377\0002\000.\0003\000.\0002\000.\0001\000\040\000D\000e\000l\000a\000y\000M\000s\000\050\000\051}{subsection.2.3.2}% 40
\BOOKMARK [3][-]{subsubsection.2.3.2.2}{\376\377\0002\000.\0003\000.\0002\000.\0002\000\040\000I\000n\000i\000t\000A\000p\000p\000\050\000\051}{subsection.2.3.2}% 41
\BOOKMARK [3][-]{subsubsection.2.3.2.3}{\376\377\0002\000.\0003\000.\0002\000.\0003\000\040\000T\000a\000s\000k\0001\000\050\000\051}{subsection.2.3.2}% 42
\BOOKMARK [3][-]{subsubsection.2.3.2.4}{\376\377\0002\000.\0003\000.\0002\000.\0004\000\040\000T\000a\000s\000k\0002\000\050\000\051}{subsection.2.3.2}% 43
\BOOKMARK [0][-]{section*.6}{\376\377\000I\000n\000d\000e\000x}{}% 44
