\BOOKMARK [0][-]{chapter.1}{\376\377\0001\000\040\000F\000i\000l\000e\000\040\000I\000n\000d\000e\000x}{}% 1
\BOOKMARK [1][-]{section.1.1}{\376\377\0001\000.\0001\000\040\000F\000i\000l\000e\000\040\000L\000i\000s\000t}{chapter.1}% 2
\BOOKMARK [0][-]{chapter.2}{\376\377\0002\000\040\000F\000i\000l\000e\000\040\000D\000o\000c\000u\000m\000e\000n\000t\000a\000t\000i\000o\000n}{}% 3
\BOOKMARK [1][-]{section.2.1}{\376\377\0002\000.\0001\000\040\000D\000:\000/\000K\000P\000I\000/\000p\000i\000c\0003\0002\000/\000l\000a\000b\0004\000.\000X\000/\000c\000o\000n\000f\000i\000g\000u\000r\000a\000t\000i\000o\000n\000\137\000b\000i\000t\000s\000.\000c\000\040\000F\000i\000l\000e\000\040\000R\000e\000f\000e\000r\000e\000n\000c\000e}{chapter.2}% 4
\BOOKMARK [1][-]{section.2.2}{\376\377\0002\000.\0002\000\040\000D\000:\000/\000K\000P\000I\000/\000p\000i\000c\0003\0002\000/\000l\000a\000b\0004\000.\000X\000/\000m\000a\000i\000n\000.\000c\000\040\000F\000i\000l\000e\000\040\000R\000e\000f\000e\000r\000e\000n\000c\000e}{chapter.2}% 5
\BOOKMARK [2][-]{subsection.2.2.1}{\376\377\0002\000.\0002\000.\0001\000\040\000M\000a\000c\000r\000o\000\040\000D\000e\000f\000i\000n\000i\000t\000i\000o\000n\000\040\000D\000o\000c\000u\000m\000e\000n\000t\000a\000t\000i\000o\000n}{section.2.2}% 6
\BOOKMARK [3][-]{subsubsection.2.2.1.1}{\376\377\0002\000.\0002\000.\0001\000.\0001\000\040\000N\000E\000L\000E\000M\000S}{subsection.2.2.1}% 7
\BOOKMARK [2][-]{subsection.2.2.2}{\376\377\0002\000.\0002\000.\0002\000\040\000F\000u\000n\000c\000t\000i\000o\000n\000\040\000D\000o\000c\000u\000m\000e\000n\000t\000a\000t\000i\000o\000n}{section.2.2}% 8
\BOOKMARK [3][-]{subsubsection.2.2.2.1}{\376\377\0002\000.\0002\000.\0002\000.\0001\000\040\000m\000a\000i\000n\000\050\000\051}{subsection.2.2.2}% 9
\BOOKMARK [1][-]{section.2.3}{\376\377\0002\000.\0003\000\040\000D\000:\000/\000K\000P\000I\000/\000p\000i\000c\0003\0002\000/\000l\000a\000b\0004\000.\000X\000/\000U\000A\000R\000T\000.\000c\000\040\000F\000i\000l\000e\000\040\000R\000e\000f\000e\000r\000e\000n\000c\000e}{chapter.2}% 10
\BOOKMARK [2][-]{subsection.2.3.1}{\376\377\0002\000.\0003\000.\0001\000\040\000F\000u\000n\000c\000t\000i\000o\000n\000\040\000D\000o\000c\000u\000m\000e\000n\000t\000a\000t\000i\000o\000n}{section.2.3}% 11
\BOOKMARK [3][-]{subsubsection.2.3.1.1}{\376\377\0002\000.\0003\000.\0001\000.\0001\000\040\000U\000A\000R\000T\0004\000\137\000g\000e\000t\000c\000\050\000\051}{subsection.2.3.1}% 12
\BOOKMARK [3][-]{subsubsection.2.3.1.2}{\376\377\0002\000.\0003\000.\0001\000.\0002\000\040\000U\000A\000R\000T\0004\000\137\000i\000n\000i\000t\000\050\000\051}{subsection.2.3.1}% 13
\BOOKMARK [3][-]{subsubsection.2.3.1.3}{\376\377\0002\000.\0003\000.\0001\000.\0003\000\040\000U\000A\000R\000T\0004\000\137\000p\000u\000t\000c\000\050\000\051}{subsection.2.3.1}% 14
\BOOKMARK [3][-]{subsubsection.2.3.1.4}{\376\377\0002\000.\0003\000.\0001\000.\0004\000\040\000U\000A\000R\000T\0004\000\137\000p\000u\000t\000s\000\050\000\051}{subsection.2.3.1}% 15
\BOOKMARK [3][-]{subsubsection.2.3.1.5}{\376\377\0002\000.\0003\000.\0001\000.\0005\000\040\000U\000A\000R\000T\0004\000\137\000t\000e\000s\000t\000\050\000\051}{subsection.2.3.1}% 16
\BOOKMARK [1][-]{section.2.4}{\376\377\0002\000.\0004\000\040\000D\000:\000/\000K\000P\000I\000/\000p\000i\000c\0003\0002\000/\000l\000a\000b\0004\000.\000X\000/\000U\000A\000R\000T\000.\000h\000\040\000F\000i\000l\000e\000\040\000R\000e\000f\000e\000r\000e\000n\000c\000e}{chapter.2}% 17
\BOOKMARK [2][-]{subsection.2.4.1}{\376\377\0002\000.\0004\000.\0001\000\040\000F\000u\000n\000c\000t\000i\000o\000n\000\040\000D\000o\000c\000u\000m\000e\000n\000t\000a\000t\000i\000o\000n}{section.2.4}% 18
\BOOKMARK [3][-]{subsubsection.2.4.1.1}{\376\377\0002\000.\0004\000.\0001\000.\0001\000\040\000U\000A\000R\000T\0004\000\137\000g\000e\000t\000c\000\050\000\051}{subsection.2.4.1}% 19
\BOOKMARK [3][-]{subsubsection.2.4.1.2}{\376\377\0002\000.\0004\000.\0001\000.\0002\000\040\000U\000A\000R\000T\0004\000\137\000i\000n\000i\000t\000\050\000\051}{subsection.2.4.1}% 20
\BOOKMARK [3][-]{subsubsection.2.4.1.3}{\376\377\0002\000.\0004\000.\0001\000.\0003\000\040\000U\000A\000R\000T\0004\000\137\000p\000u\000t\000c\000\050\000\051}{subsection.2.4.1}% 21
\BOOKMARK [3][-]{subsubsection.2.4.1.4}{\376\377\0002\000.\0004\000.\0001\000.\0004\000\040\000U\000A\000R\000T\0004\000\137\000p\000u\000t\000s\000\050\000\051}{subsection.2.4.1}% 22
\BOOKMARK [3][-]{subsubsection.2.4.1.5}{\376\377\0002\000.\0004\000.\0001\000.\0005\000\040\000U\000A\000R\000T\0004\000\137\000t\000e\000s\000t\000\050\000\051}{subsection.2.4.1}% 23
\BOOKMARK [1][-]{section.2.5}{\376\377\0002\000.\0005\000\040\000D\000:\000/\000K\000P\000I\000/\000p\000i\000c\0003\0002\000/\000l\000a\000b\0004\000.\000X\000/\000u\000s\000e\000r\000.\000c\000\040\000F\000i\000l\000e\000\040\000R\000e\000f\000e\000r\000e\000n\000c\000e}{chapter.2}% 24
\BOOKMARK [2][-]{subsection.2.5.1}{\376\377\0002\000.\0005\000.\0001\000\040\000F\000u\000n\000c\000t\000i\000o\000n\000\040\000D\000o\000c\000u\000m\000e\000n\000t\000a\000t\000i\000o\000n}{section.2.5}% 25
\BOOKMARK [3][-]{subsubsection.2.5.1.1}{\376\377\0002\000.\0005\000.\0001\000.\0001\000\040\000D\000e\000l\000a\000y\000\050\000\051}{subsection.2.5.1}% 26
\BOOKMARK [3][-]{subsubsection.2.5.1.2}{\376\377\0002\000.\0005\000.\0001\000.\0002\000\040\000I\000n\000i\000t\000A\000p\000p\000\050\000\051}{subsection.2.5.1}% 27
\BOOKMARK [3][-]{subsubsection.2.5.1.3}{\376\377\0002\000.\0005\000.\0001\000.\0003\000\040\000I\000n\000i\000t\000G\000P\000I\000O\000\050\000\051}{subsection.2.5.1}% 28
\BOOKMARK [1][-]{section.2.6}{\376\377\0002\000.\0006\000\040\000D\000:\000/\000K\000P\000I\000/\000p\000i\000c\0003\0002\000/\000l\000a\000b\0004\000.\000X\000/\000u\000s\000e\000r\000.\000h\000\040\000F\000i\000l\000e\000\040\000R\000e\000f\000e\000r\000e\000n\000c\000e}{chapter.2}% 29
\BOOKMARK [2][-]{subsection.2.6.1}{\376\377\0002\000.\0006\000.\0001\000\040\000M\000a\000c\000r\000o\000\040\000D\000e\000f\000i\000n\000i\000t\000i\000o\000n\000\040\000D\000o\000c\000u\000m\000e\000n\000t\000a\000t\000i\000o\000n}{section.2.6}% 30
\BOOKMARK [3][-]{subsubsection.2.6.1.1}{\376\377\0002\000.\0006\000.\0001\000.\0001\000\040\000B\000T\000N\0001\000\137\000P\000O\000R\000T\000\137\000B\000I\000T}{subsection.2.6.1}% 31
\BOOKMARK [3][-]{subsubsection.2.6.1.2}{\376\377\0002\000.\0006\000.\0001\000.\0002\000\040\000B\000T\000N\0002\000\137\000P\000O\000R\000T\000\137\000B\000I\000T}{subsection.2.6.1}% 32
\BOOKMARK [3][-]{subsubsection.2.6.1.3}{\376\377\0002\000.\0006\000.\0001\000.\0003\000\040\000L\000D\0001\000\137\000P\000O\000R\000T\000\137\000B\000I\000T}{subsection.2.6.1}% 33
\BOOKMARK [3][-]{subsubsection.2.6.1.4}{\376\377\0002\000.\0006\000.\0001\000.\0004\000\040\000L\000D\0002\000\137\000P\000O\000R\000T\000\137\000B\000I\000T}{subsection.2.6.1}% 34
\BOOKMARK [3][-]{subsubsection.2.6.1.5}{\376\377\0002\000.\0006\000.\0001\000.\0005\000\040\000L\000D\0003\000\137\000P\000O\000R\000T\000\137\000B\000I\000T}{subsection.2.6.1}% 35
\BOOKMARK [3][-]{subsubsection.2.6.1.6}{\376\377\0002\000.\0006\000.\0001\000.\0006\000\040\000L\000D\0004\000\137\000P\000O\000R\000T\000\137\000B\000I\000T}{subsection.2.6.1}% 36
\BOOKMARK [2][-]{subsection.2.6.2}{\376\377\0002\000.\0006\000.\0002\000\040\000F\000u\000n\000c\000t\000i\000o\000n\000\040\000D\000o\000c\000u\000m\000e\000n\000t\000a\000t\000i\000o\000n}{section.2.6}% 37
\BOOKMARK [3][-]{subsubsection.2.6.2.1}{\376\377\0002\000.\0006\000.\0002\000.\0001\000\040\000D\000e\000l\000a\000y\000\050\000\051}{subsection.2.6.2}% 38
\BOOKMARK [3][-]{subsubsection.2.6.2.2}{\376\377\0002\000.\0006\000.\0002\000.\0002\000\040\000I\000n\000i\000t\000A\000p\000p\000\050\000\051}{subsection.2.6.2}% 39
\BOOKMARK [0][-]{section*.9}{\376\377\000I\000n\000d\000e\000x}{}% 40
